The system is: Linux - 4.19.128-microsoft-standard - x86_64
Compiling the C compiler identification source file "CMakeCCompilerId.c" succeeded.
Compiler: /usr/bin/cc 
Build flags: 
Id flags:  

The output was:
0


Compilation of the C compiler identification source "CMakeCCompilerId.c" produced "a.out"

The C compiler identification is GNU, found in "/mnt/d/Projects/knn-study/eigen-3.4.0/build_dir/CMakeFiles/3.10.2/CompilerIdC/a.out"

Compiling the CXX compiler identification source file "CMakeCXXCompilerId.cpp" succeeded.
Compiler: /usr/bin/c++ 
Build flags: 
Id flags:  

The output was:
0


Compilation of the CXX compiler identification source "CMakeCXXCompilerId.cpp" produced "a.out"

The CXX compiler identification is GNU, found in "/mnt/d/Projects/knn-study/eigen-3.4.0/build_dir/CMakeFiles/3.10.2/CompilerIdCXX/a.out"

Determining if the C compiler works passed with the following output:
Change Dir: /mnt/d/Projects/knn-study/eigen-3.4.0/build_dir/CMakeFiles/CMakeTmp

Run Build Command:"/usr/bin/make" "cmTC_a0048/fast"
make: Warning: File 'Makefile' has modification time 0.031 s in the future
/usr/bin/make -f CMakeFiles/cmTC_a0048.dir/build.make CMakeFiles/cmTC_a0048.dir/build
make[1]: Entering directory '/mnt/d/Projects/knn-study/eigen-3.4.0/build_dir/CMakeFiles/CMakeTmp'
make[1]: Warning: File 'CMakeFiles/cmTC_a0048.dir/flags.make' has modification time 0.012 s in the future
Building C object CMakeFiles/cmTC_a0048.dir/testCCompiler.c.o
/usr/bin/cc    -o CMakeFiles/cmTC_a0048.dir/testCCompiler.c.o   -c /mnt/d/Projects/knn-study/eigen-3.4.0/build_dir/CMakeFiles/CMakeTmp/testCCompiler.c
Linking C executable cmTC_a0048
/usr/bin/cmake -E cmake_link_script CMakeFiles/cmTC_a0048.dir/link.txt --verbose=1
/usr/bin/cc      CMakeFiles/cmTC_a0048.dir/testCCompiler.c.o  -o cmTC_a0048 
make[1]: warning:  Clock skew detected.  Your build may be incomplete.
make[1]: Leaving directory '/mnt/d/Projects/knn-study/eigen-3.4.0/build_dir/CMakeFiles/CMakeTmp'
make: warning:  Clock skew detected.  Your build may be incomplete.


Detecting C compiler ABI info compiled with the following output:
Change Dir: /mnt/d/Projects/knn-study/eigen-3.4.0/build_dir/CMakeFiles/CMakeTmp

Run Build Command:"/usr/bin/make" "cmTC_ee619/fast"
make: Warning: File 'Makefile' has modification time 0.026 s in the future
/usr/bin/make -f CMakeFiles/cmTC_ee619.dir/build.make CMakeFiles/cmTC_ee619.dir/build
make[1]: Entering directory '/mnt/d/Projects/knn-study/eigen-3.4.0/build_dir/CMakeFiles/CMakeTmp'
make[1]: Warning: File 'CMakeFiles/cmTC_ee619.dir/flags.make' has modification time 0.0064 s in the future
Building C object CMakeFiles/cmTC_ee619.dir/CMakeCCompilerABI.c.o
/usr/bin/cc    -o CMakeFiles/cmTC_ee619.dir/CMakeCCompilerABI.c.o   -c /usr/share/cmake-3.10/Modules/CMakeCCompilerABI.c
Linking C executable cmTC_ee619
/usr/bin/cmake -E cmake_link_script CMakeFiles/cmTC_ee619.dir/link.txt --verbose=1
/usr/bin/cc     -v CMakeFiles/cmTC_ee619.dir/CMakeCCompilerABI.c.o  -o cmTC_ee619 
Using built-in specs.
COLLECT_GCC=/usr/bin/cc
COLLECT_LTO_WRAPPER=/usr/lib/gcc/x86_64-linux-gnu/4.8/lto-wrapper
Target: x86_64-linux-gnu
Configured with: ../src/configure -v --with-pkgversion='Ubuntu 4.8.5-4ubuntu8' --with-bugurl=file:///usr/share/doc/gcc-4.8/README.Bugs --enable-languages=c,c++,go,d,fortran,objc,obj-c++ --prefix=/usr --program-suffix=-4.8 --enable-shared --enable-linker-build-id --libexecdir=/usr/lib --without-included-gettext --enable-threads=posix --with-gxx-include-dir=/usr/include/c++/4.8 --libdir=/usr/lib --enable-nls --with-sysroot=/ --enable-clocale=gnu --enable-libstdcxx-debug --enable-libstdcxx-time=yes --enable-gnu-unique-object --disable-libmudflap --enable-plugin --with-system-zlib --enable-objc-gc --enable-multiarch --disable-werror --with-arch-32=i686 --with-abi=m64 --with-multilib-list=m32,m64,mx32 --with-tune=generic --enable-checking=release --build=x86_64-linux-gnu --host=x86_64-linux-gnu --target=x86_64-linux-gnu
Thread model: posix
gcc version 4.8.5 (Ubuntu 4.8.5-4ubuntu8) 
COMPILER_PATH=/usr/lib/gcc/x86_64-linux-gnu/4.8/:/usr/lib/gcc/x86_64-linux-gnu/4.8/:/usr/lib/gcc/x86_64-linux-gnu/:/usr/lib/gcc/x86_64-linux-gnu/4.8/:/usr/lib/gcc/x86_64-linux-gnu/
LIBRARY_PATH=/usr/lib/gcc/x86_64-linux-gnu/4.8/:/usr/lib/gcc/x86_64-linux-gnu/4.8/../../../x86_64-linux-gnu/:/usr/lib/gcc/x86_64-linux-gnu/4.8/../../../../lib/:/lib/x86_64-linux-gnu/:/lib/../lib/:/usr/lib/x86_64-linux-gnu/:/usr/lib/../lib/:/usr/lib/gcc/x86_64-linux-gnu/4.8/../../../:/lib/:/usr/lib/
COLLECT_GCC_OPTIONS='-v' '-o' 'cmTC_ee619' '-mtune=generic' '-march=x86-64'
 /usr/lib/gcc/x86_64-linux-gnu/4.8/collect2 --sysroot=/ --build-id --eh-frame-hdr -m elf_x86_64 --hash-style=gnu --as-needed -dynamic-linker /lib64/ld-linux-x86-64.so.2 -z relro -o cmTC_ee619 /usr/lib/gcc/x86_64-linux-gnu/4.8/../../../x86_64-linux-gnu/crt1.o /usr/lib/gcc/x86_64-linux-gnu/4.8/../../../x86_64-linux-gnu/crti.o /usr/lib/gcc/x86_64-linux-gnu/4.8/crtbegin.o -L/usr/lib/gcc/x86_64-linux-gnu/4.8 -L/usr/lib/gcc/x86_64-linux-gnu/4.8/../../../x86_64-linux-gnu -L/usr/lib/gcc/x86_64-linux-gnu/4.8/../../../../lib -L/lib/x86_64-linux-gnu -L/lib/../lib -L/usr/lib/x86_64-linux-gnu -L/usr/lib/../lib -L/usr/lib/gcc/x86_64-linux-gnu/4.8/../../.. CMakeFiles/cmTC_ee619.dir/CMakeCCompilerABI.c.o -lgcc --as-needed -lgcc_s --no-as-needed -lc -lgcc --as-needed -lgcc_s --no-as-needed /usr/lib/gcc/x86_64-linux-gnu/4.8/crtend.o /usr/lib/gcc/x86_64-linux-gnu/4.8/../../../x86_64-linux-gnu/crtn.o
make[1]: warning:  Clock skew detected.  Your build may be incomplete.
make[1]: Leaving directory '/mnt/d/Projects/knn-study/eigen-3.4.0/build_dir/CMakeFiles/CMakeTmp'
make: warning:  Clock skew detected.  Your build may be incomplete.


Parsed C implicit link information from above output:
  link line regex: [^( *|.*[/\])(ld|CMAKE_LINK_STARTFILE-NOTFOUND|([^/\]+-)?ld|collect2)[^/\]*( |$)]
  ignore line: [Change Dir: /mnt/d/Projects/knn-study/eigen-3.4.0/build_dir/CMakeFiles/CMakeTmp]
  ignore line: []
  ignore line: [Run Build Command:"/usr/bin/make" "cmTC_ee619/fast"]
  ignore line: [make: Warning: File 'Makefile' has modification time 0.026 s in the future]
  ignore line: [/usr/bin/make -f CMakeFiles/cmTC_ee619.dir/build.make CMakeFiles/cmTC_ee619.dir/build]
  ignore line: [make[1]: Entering directory '/mnt/d/Projects/knn-study/eigen-3.4.0/build_dir/CMakeFiles/CMakeTmp']
  ignore line: [make[1]: Warning: File 'CMakeFiles/cmTC_ee619.dir/flags.make' has modification time 0.0064 s in the future]
  ignore line: [Building C object CMakeFiles/cmTC_ee619.dir/CMakeCCompilerABI.c.o]
  ignore line: [/usr/bin/cc    -o CMakeFiles/cmTC_ee619.dir/CMakeCCompilerABI.c.o   -c /usr/share/cmake-3.10/Modules/CMakeCCompilerABI.c]
  ignore line: [Linking C executable cmTC_ee619]
  ignore line: [/usr/bin/cmake -E cmake_link_script CMakeFiles/cmTC_ee619.dir/link.txt --verbose=1]
  ignore line: [/usr/bin/cc     -v CMakeFiles/cmTC_ee619.dir/CMakeCCompilerABI.c.o  -o cmTC_ee619 ]
  ignore line: [Using built-in specs.]
  ignore line: [COLLECT_GCC=/usr/bin/cc]
  ignore line: [COLLECT_LTO_WRAPPER=/usr/lib/gcc/x86_64-linux-gnu/4.8/lto-wrapper]
  ignore line: [Target: x86_64-linux-gnu]
  ignore line: [Configured with: ../src/configure -v --with-pkgversion='Ubuntu 4.8.5-4ubuntu8' --with-bugurl=file:///usr/share/doc/gcc-4.8/README.Bugs --enable-languages=c,c++,go,d,fortran,objc,obj-c++ --prefix=/usr --program-suffix=-4.8 --enable-shared --enable-linker-build-id --libexecdir=/usr/lib --without-included-gettext --enable-threads=posix --with-gxx-include-dir=/usr/include/c++/4.8 --libdir=/usr/lib --enable-nls --with-sysroot=/ --enable-clocale=gnu --enable-libstdcxx-debug --enable-libstdcxx-time=yes --enable-gnu-unique-object --disable-libmudflap --enable-plugin --with-system-zlib --enable-objc-gc --enable-multiarch --disable-werror --with-arch-32=i686 --with-abi=m64 --with-multilib-list=m32,m64,mx32 --with-tune=generic --enable-checking=release --build=x86_64-linux-gnu --host=x86_64-linux-gnu --target=x86_64-linux-gnu]
  ignore line: [Thread model: posix]
  ignore line: [gcc version 4.8.5 (Ubuntu 4.8.5-4ubuntu8) ]
  ignore line: [COMPILER_PATH=/usr/lib/gcc/x86_64-linux-gnu/4.8/:/usr/lib/gcc/x86_64-linux-gnu/4.8/:/usr/lib/gcc/x86_64-linux-gnu/:/usr/lib/gcc/x86_64-linux-gnu/4.8/:/usr/lib/gcc/x86_64-linux-gnu/]
  ignore line: [LIBRARY_PATH=/usr/lib/gcc/x86_64-linux-gnu/4.8/:/usr/lib/gcc/x86_64-linux-gnu/4.8/../../../x86_64-linux-gnu/:/usr/lib/gcc/x86_64-linux-gnu/4.8/../../../../lib/:/lib/x86_64-linux-gnu/:/lib/../lib/:/usr/lib/x86_64-linux-gnu/:/usr/lib/../lib/:/usr/lib/gcc/x86_64-linux-gnu/4.8/../../../:/lib/:/usr/lib/]
  ignore line: [COLLECT_GCC_OPTIONS='-v' '-o' 'cmTC_ee619' '-mtune=generic' '-march=x86-64']
  link line: [ /usr/lib/gcc/x86_64-linux-gnu/4.8/collect2 --sysroot=/ --build-id --eh-frame-hdr -m elf_x86_64 --hash-style=gnu --as-needed -dynamic-linker /lib64/ld-linux-x86-64.so.2 -z relro -o cmTC_ee619 /usr/lib/gcc/x86_64-linux-gnu/4.8/../../../x86_64-linux-gnu/crt1.o /usr/lib/gcc/x86_64-linux-gnu/4.8/../../../x86_64-linux-gnu/crti.o /usr/lib/gcc/x86_64-linux-gnu/4.8/crtbegin.o -L/usr/lib/gcc/x86_64-linux-gnu/4.8 -L/usr/lib/gcc/x86_64-linux-gnu/4.8/../../../x86_64-linux-gnu -L/usr/lib/gcc/x86_64-linux-gnu/4.8/../../../../lib -L/lib/x86_64-linux-gnu -L/lib/../lib -L/usr/lib/x86_64-linux-gnu -L/usr/lib/../lib -L/usr/lib/gcc/x86_64-linux-gnu/4.8/../../.. CMakeFiles/cmTC_ee619.dir/CMakeCCompilerABI.c.o -lgcc --as-needed -lgcc_s --no-as-needed -lc -lgcc --as-needed -lgcc_s --no-as-needed /usr/lib/gcc/x86_64-linux-gnu/4.8/crtend.o /usr/lib/gcc/x86_64-linux-gnu/4.8/../../../x86_64-linux-gnu/crtn.o]
    arg [/usr/lib/gcc/x86_64-linux-gnu/4.8/collect2] ==> ignore
    arg [--sysroot=/] ==> ignore
    arg [--build-id] ==> ignore
    arg [--eh-frame-hdr] ==> ignore
    arg [-m] ==> ignore
    arg [elf_x86_64] ==> ignore
    arg [--hash-style=gnu] ==> ignore
    arg [--as-needed] ==> ignore
    arg [-dynamic-linker] ==> ignore
    arg [/lib64/ld-linux-x86-64.so.2] ==> ignore
    arg [-zrelro] ==> ignore
    arg [-o] ==> ignore
    arg [cmTC_ee619] ==> ignore
    arg [/usr/lib/gcc/x86_64-linux-gnu/4.8/../../../x86_64-linux-gnu/crt1.o] ==> ignore
    arg [/usr/lib/gcc/x86_64-linux-gnu/4.8/../../../x86_64-linux-gnu/crti.o] ==> ignore
    arg [/usr/lib/gcc/x86_64-linux-gnu/4.8/crtbegin.o] ==> ignore
    arg [-L/usr/lib/gcc/x86_64-linux-gnu/4.8] ==> dir [/usr/lib/gcc/x86_64-linux-gnu/4.8]
    arg [-L/usr/lib/gcc/x86_64-linux-gnu/4.8/../../../x86_64-linux-gnu] ==> dir [/usr/lib/gcc/x86_64-linux-gnu/4.8/../../../x86_64-linux-gnu]
    arg [-L/usr/lib/gcc/x86_64-linux-gnu/4.8/../../../../lib] ==> dir [/usr/lib/gcc/x86_64-linux-gnu/4.8/../../../../lib]
    arg [-L/lib/x86_64-linux-gnu] ==> dir [/lib/x86_64-linux-gnu]
    arg [-L/lib/../lib] ==> dir [/lib/../lib]
    arg [-L/usr/lib/x86_64-linux-gnu] ==> dir [/usr/lib/x86_64-linux-gnu]
    arg [-L/usr/lib/../lib] ==> dir [/usr/lib/../lib]
    arg [-L/usr/lib/gcc/x86_64-linux-gnu/4.8/../../..] ==> dir [/usr/lib/gcc/x86_64-linux-gnu/4.8/../../..]
    arg [CMakeFiles/cmTC_ee619.dir/CMakeCCompilerABI.c.o] ==> ignore
    arg [-lgcc] ==> lib [gcc]
    arg [--as-needed] ==> ignore
    arg [-lgcc_s] ==> lib [gcc_s]
    arg [--no-as-needed] ==> ignore
    arg [-lc] ==> lib [c]
    arg [-lgcc] ==> lib [gcc]
    arg [--as-needed] ==> ignore
    arg [-lgcc_s] ==> lib [gcc_s]
    arg [--no-as-needed] ==> ignore
    arg [/usr/lib/gcc/x86_64-linux-gnu/4.8/crtend.o] ==> ignore
    arg [/usr/lib/gcc/x86_64-linux-gnu/4.8/../../../x86_64-linux-gnu/crtn.o] ==> ignore
  collapse library dir [/usr/lib/gcc/x86_64-linux-gnu/4.8] ==> [/usr/lib/gcc/x86_64-linux-gnu/4.8]
  collapse library dir [/usr/lib/gcc/x86_64-linux-gnu/4.8/../../../x86_64-linux-gnu] ==> [/usr/lib/x86_64-linux-gnu]
  collapse library dir [/usr/lib/gcc/x86_64-linux-gnu/4.8/../../../../lib] ==> [/usr/lib]
  collapse library dir [/lib/x86_64-linux-gnu] ==> [/lib/x86_64-linux-gnu]
  collapse library dir [/lib/../lib] ==> [/lib]
  collapse library dir [/usr/lib/x86_64-linux-gnu] ==> [/usr/lib/x86_64-linux-gnu]
  collapse library dir [/usr/lib/../lib] ==> [/usr/lib]
  collapse library dir [/usr/lib/gcc/x86_64-linux-gnu/4.8/../../..] ==> [/usr/lib]
  implicit libs: [gcc;gcc_s;c;gcc;gcc_s]
  implicit dirs: [/usr/lib/gcc/x86_64-linux-gnu/4.8;/usr/lib/x86_64-linux-gnu;/usr/lib;/lib/x86_64-linux-gnu;/lib]
  implicit fwks: []




Detecting C [-std=c11] compiler features compiled with the following output:
Change Dir: /mnt/d/Projects/knn-study/eigen-3.4.0/build_dir/CMakeFiles/CMakeTmp

Run Build Command:"/usr/bin/make" "cmTC_b10f3/fast"
make: Warning: File 'Makefile' has modification time 0.03 s in the future
/usr/bin/make -f CMakeFiles/cmTC_b10f3.dir/build.make CMakeFiles/cmTC_b10f3.dir/build
make[1]: Entering directory '/mnt/d/Projects/knn-study/eigen-3.4.0/build_dir/CMakeFiles/CMakeTmp'
make[1]: Warning: File 'CMakeFiles/cmTC_b10f3.dir/flags.make' has modification time 0.012 s in the future
Building C object CMakeFiles/cmTC_b10f3.dir/feature_tests.c.o
/usr/bin/cc   -std=c11 -o CMakeFiles/cmTC_b10f3.dir/feature_tests.c.o   -c /mnt/d/Projects/knn-study/eigen-3.4.0/build_dir/CMakeFiles/feature_tests.c
Linking C executable cmTC_b10f3
/usr/bin/cmake -E cmake_link_script CMakeFiles/cmTC_b10f3.dir/link.txt --verbose=1
/usr/bin/cc      CMakeFiles/cmTC_b10f3.dir/feature_tests.c.o  -o cmTC_b10f3 
make[1]: warning:  Clock skew detected.  Your build may be incomplete.
make[1]: Leaving directory '/mnt/d/Projects/knn-study/eigen-3.4.0/build_dir/CMakeFiles/CMakeTmp'
make: warning:  Clock skew detected.  Your build may be incomplete.


    Feature record: C_FEATURE:1c_function_prototypes
    Feature record: C_FEATURE:1c_restrict
    Feature record: C_FEATURE:1c_static_assert
    Feature record: C_FEATURE:1c_variadic_macros


Detecting C [-std=c99] compiler features compiled with the following output:
Change Dir: /mnt/d/Projects/knn-study/eigen-3.4.0/build_dir/CMakeFiles/CMakeTmp

Run Build Command:"/usr/bin/make" "cmTC_c77fe/fast"
make: Warning: File 'Makefile' has modification time 0.033 s in the future
/usr/bin/make -f CMakeFiles/cmTC_c77fe.dir/build.make CMakeFiles/cmTC_c77fe.dir/build
make[1]: Entering directory '/mnt/d/Projects/knn-study/eigen-3.4.0/build_dir/CMakeFiles/CMakeTmp'
make[1]: Warning: File 'CMakeFiles/cmTC_c77fe.dir/flags.make' has modification time 0.012 s in the future
Building C object CMakeFiles/cmTC_c77fe.dir/feature_tests.c.o
/usr/bin/cc   -std=c99 -o CMakeFiles/cmTC_c77fe.dir/feature_tests.c.o   -c /mnt/d/Projects/knn-study/eigen-3.4.0/build_dir/CMakeFiles/feature_tests.c
Linking C executable cmTC_c77fe
/usr/bin/cmake -E cmake_link_script CMakeFiles/cmTC_c77fe.dir/link.txt --verbose=1
/usr/bin/cc      CMakeFiles/cmTC_c77fe.dir/feature_tests.c.o  -o cmTC_c77fe 
make[1]: warning:  Clock skew detected.  Your build may be incomplete.
make[1]: Leaving directory '/mnt/d/Projects/knn-study/eigen-3.4.0/build_dir/CMakeFiles/CMakeTmp'
make: warning:  Clock skew detected.  Your build may be incomplete.


    Feature record: C_FEATURE:1c_function_prototypes
    Feature record: C_FEATURE:1c_restrict
    Feature record: C_FEATURE:0c_static_assert
    Feature record: C_FEATURE:1c_variadic_macros


Detecting C [-std=c90] compiler features compiled with the following output:
Change Dir: /mnt/d/Projects/knn-study/eigen-3.4.0/build_dir/CMakeFiles/CMakeTmp

Run Build Command:"/usr/bin/make" "cmTC_00886/fast"
make: Warning: File 'Makefile' has modification time 0.02 s in the future
/usr/bin/make -f CMakeFiles/cmTC_00886.dir/build.make CMakeFiles/cmTC_00886.dir/build
make[1]: Entering directory '/mnt/d/Projects/knn-study/eigen-3.4.0/build_dir/CMakeFiles/CMakeTmp'
make[1]: Warning: File 'CMakeFiles/cmTC_00886.dir/flags.make' has modification time 0.00044 s in the future
Building C object CMakeFiles/cmTC_00886.dir/feature_tests.c.o
/usr/bin/cc   -std=c90 -o CMakeFiles/cmTC_00886.dir/feature_tests.c.o   -c /mnt/d/Projects/knn-study/eigen-3.4.0/build_dir/CMakeFiles/feature_tests.c
Linking C executable cmTC_00886
/usr/bin/cmake -E cmake_link_script CMakeFiles/cmTC_00886.dir/link.txt --verbose=1
/usr/bin/cc      CMakeFiles/cmTC_00886.dir/feature_tests.c.o  -o cmTC_00886 
make[1]: warning:  Clock skew detected.  Your build may be incomplete.
make[1]: Leaving directory '/mnt/d/Projects/knn-study/eigen-3.4.0/build_dir/CMakeFiles/CMakeTmp'
make: warning:  Clock skew detected.  Your build may be incomplete.


    Feature record: C_FEATURE:1c_function_prototypes
    Feature record: C_FEATURE:0c_restrict
    Feature record: C_FEATURE:0c_static_assert
    Feature record: C_FEATURE:0c_variadic_macros
Determining if the CXX compiler works passed with the following output:
Change Dir: /mnt/d/Projects/knn-study/eigen-3.4.0/build_dir/CMakeFiles/CMakeTmp

Run Build Command:"/usr/bin/make" "cmTC_80c74/fast"
make: Warning: File 'Makefile' has modification time 0.032 s in the future
/usr/bin/make -f CMakeFiles/cmTC_80c74.dir/build.make CMakeFiles/cmTC_80c74.dir/build
make[1]: Entering directory '/mnt/d/Projects/knn-study/eigen-3.4.0/build_dir/CMakeFiles/CMakeTmp'
make[1]: Warning: File 'CMakeFiles/cmTC_80c74.dir/flags.make' has modification time 0.013 s in the future
Building CXX object CMakeFiles/cmTC_80c74.dir/testCXXCompiler.cxx.o
/usr/bin/c++     -o CMakeFiles/cmTC_80c74.dir/testCXXCompiler.cxx.o -c /mnt/d/Projects/knn-study/eigen-3.4.0/build_dir/CMakeFiles/CMakeTmp/testCXXCompiler.cxx
Linking CXX executable cmTC_80c74
/usr/bin/cmake -E cmake_link_script CMakeFiles/cmTC_80c74.dir/link.txt --verbose=1
/usr/bin/c++       CMakeFiles/cmTC_80c74.dir/testCXXCompiler.cxx.o  -o cmTC_80c74 
make[1]: warning:  Clock skew detected.  Your build may be incomplete.
make[1]: Leaving directory '/mnt/d/Projects/knn-study/eigen-3.4.0/build_dir/CMakeFiles/CMakeTmp'
make: warning:  Clock skew detected.  Your build may be incomplete.


Detecting CXX compiler ABI info compiled with the following output:
Change Dir: /mnt/d/Projects/knn-study/eigen-3.4.0/build_dir/CMakeFiles/CMakeTmp

Run Build Command:"/usr/bin/make" "cmTC_f1a34/fast"
make: Warning: File 'Makefile' has modification time 0.031 s in the future
/usr/bin/make -f CMakeFiles/cmTC_f1a34.dir/build.make CMakeFiles/cmTC_f1a34.dir/build
make[1]: Entering directory '/mnt/d/Projects/knn-study/eigen-3.4.0/build_dir/CMakeFiles/CMakeTmp'
make[1]: Warning: File 'CMakeFiles/cmTC_f1a34.dir/flags.make' has modification time 0.0093 s in the future
Building CXX object CMakeFiles/cmTC_f1a34.dir/CMakeCXXCompilerABI.cpp.o
/usr/bin/c++     -o CMakeFiles/cmTC_f1a34.dir/CMakeCXXCompilerABI.cpp.o -c /usr/share/cmake-3.10/Modules/CMakeCXXCompilerABI.cpp
Linking CXX executable cmTC_f1a34
/usr/bin/cmake -E cmake_link_script CMakeFiles/cmTC_f1a34.dir/link.txt --verbose=1
/usr/bin/c++      -v CMakeFiles/cmTC_f1a34.dir/CMakeCXXCompilerABI.cpp.o  -o cmTC_f1a34 
Using built-in specs.
COLLECT_GCC=/usr/bin/c++
COLLECT_LTO_WRAPPER=/usr/lib/gcc/x86_64-linux-gnu/4.8/lto-wrapper
Target: x86_64-linux-gnu
Configured with: ../src/configure -v --with-pkgversion='Ubuntu 4.8.5-4ubuntu8' --with-bugurl=file:///usr/share/doc/gcc-4.8/README.Bugs --enable-languages=c,c++,go,d,fortran,objc,obj-c++ --prefix=/usr --program-suffix=-4.8 --enable-shared --enable-linker-build-id --libexecdir=/usr/lib --without-included-gettext --enable-threads=posix --with-gxx-include-dir=/usr/include/c++/4.8 --libdir=/usr/lib --enable-nls --with-sysroot=/ --enable-clocale=gnu --enable-libstdcxx-debug --enable-libstdcxx-time=yes --enable-gnu-unique-object --disable-libmudflap --enable-plugin --with-system-zlib --enable-objc-gc --enable-multiarch --disable-werror --with-arch-32=i686 --with-abi=m64 --with-multilib-list=m32,m64,mx32 --with-tune=generic --enable-checking=release --build=x86_64-linux-gnu --host=x86_64-linux-gnu --target=x86_64-linux-gnu
Thread model: posix
gcc version 4.8.5 (Ubuntu 4.8.5-4ubuntu8) 
COMPILER_PATH=/usr/lib/gcc/x86_64-linux-gnu/4.8/:/usr/lib/gcc/x86_64-linux-gnu/4.8/:/usr/lib/gcc/x86_64-linux-gnu/:/usr/lib/gcc/x86_64-linux-gnu/4.8/:/usr/lib/gcc/x86_64-linux-gnu/
LIBRARY_PATH=/usr/lib/gcc/x86_64-linux-gnu/4.8/:/usr/lib/gcc/x86_64-linux-gnu/4.8/../../../x86_64-linux-gnu/:/usr/lib/gcc/x86_64-linux-gnu/4.8/../../../../lib/:/lib/x86_64-linux-gnu/:/lib/../lib/:/usr/lib/x86_64-linux-gnu/:/usr/lib/../lib/:/usr/lib/gcc/x86_64-linux-gnu/4.8/../../../:/lib/:/usr/lib/
COLLECT_GCC_OPTIONS='-v' '-o' 'cmTC_f1a34' '-shared-libgcc' '-mtune=generic' '-march=x86-64'
 /usr/lib/gcc/x86_64-linux-gnu/4.8/collect2 --sysroot=/ --build-id --eh-frame-hdr -m elf_x86_64 --hash-style=gnu --as-needed -dynamic-linker /lib64/ld-linux-x86-64.so.2 -z relro -o cmTC_f1a34 /usr/lib/gcc/x86_64-linux-gnu/4.8/../../../x86_64-linux-gnu/crt1.o /usr/lib/gcc/x86_64-linux-gnu/4.8/../../../x86_64-linux-gnu/crti.o /usr/lib/gcc/x86_64-linux-gnu/4.8/crtbegin.o -L/usr/lib/gcc/x86_64-linux-gnu/4.8 -L/usr/lib/gcc/x86_64-linux-gnu/4.8/../../../x86_64-linux-gnu -L/usr/lib/gcc/x86_64-linux-gnu/4.8/../../../../lib -L/lib/x86_64-linux-gnu -L/lib/../lib -L/usr/lib/x86_64-linux-gnu -L/usr/lib/../lib -L/usr/lib/gcc/x86_64-linux-gnu/4.8/../../.. CMakeFiles/cmTC_f1a34.dir/CMakeCXXCompilerABI.cpp.o -lstdc++ -lm -lgcc_s -lgcc -lc -lgcc_s -lgcc /usr/lib/gcc/x86_64-linux-gnu/4.8/crtend.o /usr/lib/gcc/x86_64-linux-gnu/4.8/../../../x86_64-linux-gnu/crtn.o
make[1]: warning:  Clock skew detected.  Your build may be incomplete.
make[1]: Leaving directory '/mnt/d/Projects/knn-study/eigen-3.4.0/build_dir/CMakeFiles/CMakeTmp'
make: warning:  Clock skew detected.  Your build may be incomplete.


Parsed CXX implicit link information from above output:
  link line regex: [^( *|.*[/\])(ld|CMAKE_LINK_STARTFILE-NOTFOUND|([^/\]+-)?ld|collect2)[^/\]*( |$)]
  ignore line: [Change Dir: /mnt/d/Projects/knn-study/eigen-3.4.0/build_dir/CMakeFiles/CMakeTmp]
  ignore line: []
  ignore line: [Run Build Command:"/usr/bin/make" "cmTC_f1a34/fast"]
  ignore line: [make: Warning: File 'Makefile' has modification time 0.031 s in the future]
  ignore line: [/usr/bin/make -f CMakeFiles/cmTC_f1a34.dir/build.make CMakeFiles/cmTC_f1a34.dir/build]
  ignore line: [make[1]: Entering directory '/mnt/d/Projects/knn-study/eigen-3.4.0/build_dir/CMakeFiles/CMakeTmp']
  ignore line: [make[1]: Warning: File 'CMakeFiles/cmTC_f1a34.dir/flags.make' has modification time 0.0093 s in the future]
  ignore line: [Building CXX object CMakeFiles/cmTC_f1a34.dir/CMakeCXXCompilerABI.cpp.o]
  ignore line: [/usr/bin/c++     -o CMakeFiles/cmTC_f1a34.dir/CMakeCXXCompilerABI.cpp.o -c /usr/share/cmake-3.10/Modules/CMakeCXXCompilerABI.cpp]
  ignore line: [Linking CXX executable cmTC_f1a34]
  ignore line: [/usr/bin/cmake -E cmake_link_script CMakeFiles/cmTC_f1a34.dir/link.txt --verbose=1]
  ignore line: [/usr/bin/c++      -v CMakeFiles/cmTC_f1a34.dir/CMakeCXXCompilerABI.cpp.o  -o cmTC_f1a34 ]
  ignore line: [Using built-in specs.]
  ignore line: [COLLECT_GCC=/usr/bin/c++]
  ignore line: [COLLECT_LTO_WRAPPER=/usr/lib/gcc/x86_64-linux-gnu/4.8/lto-wrapper]
  ignore line: [Target: x86_64-linux-gnu]
  ignore line: [Configured with: ../src/configure -v --with-pkgversion='Ubuntu 4.8.5-4ubuntu8' --with-bugurl=file:///usr/share/doc/gcc-4.8/README.Bugs --enable-languages=c,c++,go,d,fortran,objc,obj-c++ --prefix=/usr --program-suffix=-4.8 --enable-shared --enable-linker-build-id --libexecdir=/usr/lib --without-included-gettext --enable-threads=posix --with-gxx-include-dir=/usr/include/c++/4.8 --libdir=/usr/lib --enable-nls --with-sysroot=/ --enable-clocale=gnu --enable-libstdcxx-debug --enable-libstdcxx-time=yes --enable-gnu-unique-object --disable-libmudflap --enable-plugin --with-system-zlib --enable-objc-gc --enable-multiarch --disable-werror --with-arch-32=i686 --with-abi=m64 --with-multilib-list=m32,m64,mx32 --with-tune=generic --enable-checking=release --build=x86_64-linux-gnu --host=x86_64-linux-gnu --target=x86_64-linux-gnu]
  ignore line: [Thread model: posix]
  ignore line: [gcc version 4.8.5 (Ubuntu 4.8.5-4ubuntu8) ]
  ignore line: [COMPILER_PATH=/usr/lib/gcc/x86_64-linux-gnu/4.8/:/usr/lib/gcc/x86_64-linux-gnu/4.8/:/usr/lib/gcc/x86_64-linux-gnu/:/usr/lib/gcc/x86_64-linux-gnu/4.8/:/usr/lib/gcc/x86_64-linux-gnu/]
  ignore line: [LIBRARY_PATH=/usr/lib/gcc/x86_64-linux-gnu/4.8/:/usr/lib/gcc/x86_64-linux-gnu/4.8/../../../x86_64-linux-gnu/:/usr/lib/gcc/x86_64-linux-gnu/4.8/../../../../lib/:/lib/x86_64-linux-gnu/:/lib/../lib/:/usr/lib/x86_64-linux-gnu/:/usr/lib/../lib/:/usr/lib/gcc/x86_64-linux-gnu/4.8/../../../:/lib/:/usr/lib/]
  ignore line: [COLLECT_GCC_OPTIONS='-v' '-o' 'cmTC_f1a34' '-shared-libgcc' '-mtune=generic' '-march=x86-64']
  link line: [ /usr/lib/gcc/x86_64-linux-gnu/4.8/collect2 --sysroot=/ --build-id --eh-frame-hdr -m elf_x86_64 --hash-style=gnu --as-needed -dynamic-linker /lib64/ld-linux-x86-64.so.2 -z relro -o cmTC_f1a34 /usr/lib/gcc/x86_64-linux-gnu/4.8/../../../x86_64-linux-gnu/crt1.o /usr/lib/gcc/x86_64-linux-gnu/4.8/../../../x86_64-linux-gnu/crti.o /usr/lib/gcc/x86_64-linux-gnu/4.8/crtbegin.o -L/usr/lib/gcc/x86_64-linux-gnu/4.8 -L/usr/lib/gcc/x86_64-linux-gnu/4.8/../../../x86_64-linux-gnu -L/usr/lib/gcc/x86_64-linux-gnu/4.8/../../../../lib -L/lib/x86_64-linux-gnu -L/lib/../lib -L/usr/lib/x86_64-linux-gnu -L/usr/lib/../lib -L/usr/lib/gcc/x86_64-linux-gnu/4.8/../../.. CMakeFiles/cmTC_f1a34.dir/CMakeCXXCompilerABI.cpp.o -lstdc++ -lm -lgcc_s -lgcc -lc -lgcc_s -lgcc /usr/lib/gcc/x86_64-linux-gnu/4.8/crtend.o /usr/lib/gcc/x86_64-linux-gnu/4.8/../../../x86_64-linux-gnu/crtn.o]
    arg [/usr/lib/gcc/x86_64-linux-gnu/4.8/collect2] ==> ignore
    arg [--sysroot=/] ==> ignore
    arg [--build-id] ==> ignore
    arg [--eh-frame-hdr] ==> ignore
    arg [-m] ==> ignore
    arg [elf_x86_64] ==> ignore
    arg [--hash-style=gnu] ==> ignore
    arg [--as-needed] ==> ignore
    arg [-dynamic-linker] ==> ignore
    arg [/lib64/ld-linux-x86-64.so.2] ==> ignore
    arg [-zrelro] ==> ignore
    arg [-o] ==> ignore
    arg [cmTC_f1a34] ==> ignore
    arg [/usr/lib/gcc/x86_64-linux-gnu/4.8/../../../x86_64-linux-gnu/crt1.o] ==> ignore
    arg [/usr/lib/gcc/x86_64-linux-gnu/4.8/../../../x86_64-linux-gnu/crti.o] ==> ignore
    arg [/usr/lib/gcc/x86_64-linux-gnu/4.8/crtbegin.o] ==> ignore
    arg [-L/usr/lib/gcc/x86_64-linux-gnu/4.8] ==> dir [/usr/lib/gcc/x86_64-linux-gnu/4.8]
    arg [-L/usr/lib/gcc/x86_64-linux-gnu/4.8/../../../x86_64-linux-gnu] ==> dir [/usr/lib/gcc/x86_64-linux-gnu/4.8/../../../x86_64-linux-gnu]
    arg [-L/usr/lib/gcc/x86_64-linux-gnu/4.8/../../../../lib] ==> dir [/usr/lib/gcc/x86_64-linux-gnu/4.8/../../../../lib]
    arg [-L/lib/x86_64-linux-gnu] ==> dir [/lib/x86_64-linux-gnu]
    arg [-L/lib/../lib] ==> dir [/lib/../lib]
    arg [-L/usr/lib/x86_64-linux-gnu] ==> dir [/usr/lib/x86_64-linux-gnu]
    arg [-L/usr/lib/../lib] ==> dir [/usr/lib/../lib]
    arg [-L/usr/lib/gcc/x86_64-linux-gnu/4.8/../../..] ==> dir [/usr/lib/gcc/x86_64-linux-gnu/4.8/../../..]
    arg [CMakeFiles/cmTC_f1a34.dir/CMakeCXXCompilerABI.cpp.o] ==> ignore
    arg [-lstdc++] ==> lib [stdc++]
    arg [-lm] ==> lib [m]
    arg [-lgcc_s] ==> lib [gcc_s]
    arg [-lgcc] ==> lib [gcc]
    arg [-lc] ==> lib [c]
    arg [-lgcc_s] ==> lib [gcc_s]
    arg [-lgcc] ==> lib [gcc]
    arg [/usr/lib/gcc/x86_64-linux-gnu/4.8/crtend.o] ==> ignore
    arg [/usr/lib/gcc/x86_64-linux-gnu/4.8/../../../x86_64-linux-gnu/crtn.o] ==> ignore
  collapse library dir [/usr/lib/gcc/x86_64-linux-gnu/4.8] ==> [/usr/lib/gcc/x86_64-linux-gnu/4.8]
  collapse library dir [/usr/lib/gcc/x86_64-linux-gnu/4.8/../../../x86_64-linux-gnu] ==> [/usr/lib/x86_64-linux-gnu]
  collapse library dir [/usr/lib/gcc/x86_64-linux-gnu/4.8/../../../../lib] ==> [/usr/lib]
  collapse library dir [/lib/x86_64-linux-gnu] ==> [/lib/x86_64-linux-gnu]
  collapse library dir [/lib/../lib] ==> [/lib]
  collapse library dir [/usr/lib/x86_64-linux-gnu] ==> [/usr/lib/x86_64-linux-gnu]
  collapse library dir [/usr/lib/../lib] ==> [/usr/lib]
  collapse library dir [/usr/lib/gcc/x86_64-linux-gnu/4.8/../../..] ==> [/usr/lib]
  implicit libs: [stdc++;m;gcc_s;gcc;c;gcc_s;gcc]
  implicit dirs: [/usr/lib/gcc/x86_64-linux-gnu/4.8;/usr/lib/x86_64-linux-gnu;/usr/lib;/lib/x86_64-linux-gnu;/lib]
  implicit fwks: []




Detecting CXX [-std=c++1y] compiler features compiled with the following output:
Change Dir: /mnt/d/Projects/knn-study/eigen-3.4.0/build_dir/CMakeFiles/CMakeTmp

Run Build Command:"/usr/bin/make" "cmTC_35c42/fast"
make: Warning: File 'Makefile' has modification time 0.023 s in the future
/usr/bin/make -f CMakeFiles/cmTC_35c42.dir/build.make CMakeFiles/cmTC_35c42.dir/build
make[1]: Entering directory '/mnt/d/Projects/knn-study/eigen-3.4.0/build_dir/CMakeFiles/CMakeTmp'
make[1]: Warning: File 'CMakeFiles/cmTC_35c42.dir/flags.make' has modification time 0.0023 s in the future
Building CXX object CMakeFiles/cmTC_35c42.dir/feature_tests.cxx.o
/usr/bin/c++    -std=c++1y -o CMakeFiles/cmTC_35c42.dir/feature_tests.cxx.o -c /mnt/d/Projects/knn-study/eigen-3.4.0/build_dir/CMakeFiles/feature_tests.cxx
Linking CXX executable cmTC_35c42
/usr/bin/cmake -E cmake_link_script CMakeFiles/cmTC_35c42.dir/link.txt --verbose=1
/usr/bin/c++       CMakeFiles/cmTC_35c42.dir/feature_tests.cxx.o  -o cmTC_35c42 
make[1]: warning:  Clock skew detected.  Your build may be incomplete.
make[1]: Leaving directory '/mnt/d/Projects/knn-study/eigen-3.4.0/build_dir/CMakeFiles/CMakeTmp'
make: warning:  Clock skew detected.  Your build may be incomplete.


    Feature record: CXX_FEATURE:0cxx_aggregate_default_initializers
    Feature record: CXX_FEATURE:1cxx_alias_templates
    Feature record: CXX_FEATURE:1cxx_alignas
    Feature record: CXX_FEATURE:1cxx_alignof
    Feature record: CXX_FEATURE:1cxx_attributes
    Feature record: CXX_FEATURE:0cxx_attribute_deprecated
    Feature record: CXX_FEATURE:1cxx_auto_type
    Feature record: CXX_FEATURE:0cxx_binary_literals
    Feature record: CXX_FEATURE:1cxx_constexpr
    Feature record: CXX_FEATURE:0cxx_contextual_conversions
    Feature record: CXX_FEATURE:1cxx_decltype
    Feature record: CXX_FEATURE:0cxx_decltype_auto
    Feature record: CXX_FEATURE:1cxx_decltype_incomplete_return_types
    Feature record: CXX_FEATURE:1cxx_default_function_template_args
    Feature record: CXX_FEATURE:1cxx_defaulted_functions
    Feature record: CXX_FEATURE:1cxx_defaulted_move_initializers
    Feature record: CXX_FEATURE:1cxx_delegating_constructors
    Feature record: CXX_FEATURE:1cxx_deleted_functions
    Feature record: CXX_FEATURE:0cxx_digit_separators
    Feature record: CXX_FEATURE:1cxx_enum_forward_declarations
    Feature record: CXX_FEATURE:1cxx_explicit_conversions
    Feature record: CXX_FEATURE:1cxx_extended_friend_declarations
    Feature record: CXX_FEATURE:1cxx_extern_templates
    Feature record: CXX_FEATURE:1cxx_final
    Feature record: CXX_FEATURE:1cxx_func_identifier
    Feature record: CXX_FEATURE:1cxx_generalized_initializers
    Feature record: CXX_FEATURE:0cxx_generic_lambdas
    Feature record: CXX_FEATURE:1cxx_inheriting_constructors
    Feature record: CXX_FEATURE:1cxx_inline_namespaces
    Feature record: CXX_FEATURE:1cxx_lambdas
    Feature record: CXX_FEATURE:0cxx_lambda_init_captures
    Feature record: CXX_FEATURE:1cxx_local_type_template_args
    Feature record: CXX_FEATURE:1cxx_long_long_type
    Feature record: CXX_FEATURE:1cxx_noexcept
    Feature record: CXX_FEATURE:1cxx_nonstatic_member_init
    Feature record: CXX_FEATURE:1cxx_nullptr
    Feature record: CXX_FEATURE:1cxx_override
    Feature record: CXX_FEATURE:1cxx_range_for
    Feature record: CXX_FEATURE:1cxx_raw_string_literals
    Feature record: CXX_FEATURE:1cxx_reference_qualified_functions
    Feature record: CXX_FEATURE:0cxx_relaxed_constexpr
    Feature record: CXX_FEATURE:0cxx_return_type_deduction
    Feature record: CXX_FEATURE:1cxx_right_angle_brackets
    Feature record: CXX_FEATURE:1cxx_rvalue_references
    Feature record: CXX_FEATURE:1cxx_sizeof_member
    Feature record: CXX_FEATURE:1cxx_static_assert
    Feature record: CXX_FEATURE:1cxx_strong_enums
    Feature record: CXX_FEATURE:1cxx_template_template_parameters
    Feature record: CXX_FEATURE:1cxx_thread_local
    Feature record: CXX_FEATURE:1cxx_trailing_return_types
    Feature record: CXX_FEATURE:1cxx_unicode_literals
    Feature record: CXX_FEATURE:1cxx_uniform_initialization
    Feature record: CXX_FEATURE:1cxx_unrestricted_unions
    Feature record: CXX_FEATURE:1cxx_user_literals
    Feature record: CXX_FEATURE:0cxx_variable_templates
    Feature record: CXX_FEATURE:1cxx_variadic_macros
    Feature record: CXX_FEATURE:1cxx_variadic_templates


Detecting CXX [-std=c++11] compiler features compiled with the following output:
Change Dir: /mnt/d/Projects/knn-study/eigen-3.4.0/build_dir/CMakeFiles/CMakeTmp

Run Build Command:"/usr/bin/make" "cmTC_f4e26/fast"
make: Warning: File 'Makefile' has modification time 0.03 s in the future
/usr/bin/make -f CMakeFiles/cmTC_f4e26.dir/build.make CMakeFiles/cmTC_f4e26.dir/build
make[1]: Entering directory '/mnt/d/Projects/knn-study/eigen-3.4.0/build_dir/CMakeFiles/CMakeTmp'
make[1]: Warning: File 'CMakeFiles/cmTC_f4e26.dir/flags.make' has modification time 0.0097 s in the future
Building CXX object CMakeFiles/cmTC_f4e26.dir/feature_tests.cxx.o
/usr/bin/c++    -std=c++11 -o CMakeFiles/cmTC_f4e26.dir/feature_tests.cxx.o -c /mnt/d/Projects/knn-study/eigen-3.4.0/build_dir/CMakeFiles/feature_tests.cxx
Linking CXX executable cmTC_f4e26
/usr/bin/cmake -E cmake_link_script CMakeFiles/cmTC_f4e26.dir/link.txt --verbose=1
/usr/bin/c++       CMakeFiles/cmTC_f4e26.dir/feature_tests.cxx.o  -o cmTC_f4e26 
make[1]: warning:  Clock skew detected.  Your build may be incomplete.
make[1]: Leaving directory '/mnt/d/Projects/knn-study/eigen-3.4.0/build_dir/CMakeFiles/CMakeTmp'
make: warning:  Clock skew detected.  Your build may be incomplete.


    Feature record: CXX_FEATURE:0cxx_aggregate_default_initializers
    Feature record: CXX_FEATURE:1cxx_alias_templates
    Feature record: CXX_FEATURE:1cxx_alignas
    Feature record: CXX_FEATURE:1cxx_alignof
    Feature record: CXX_FEATURE:1cxx_attributes
    Feature record: CXX_FEATURE:0cxx_attribute_deprecated
    Feature record: CXX_FEATURE:1cxx_auto_type
    Feature record: CXX_FEATURE:0cxx_binary_literals
    Feature record: CXX_FEATURE:1cxx_constexpr
    Feature record: CXX_FEATURE:0cxx_contextual_conversions
    Feature record: CXX_FEATURE:1cxx_decltype
    Feature record: CXX_FEATURE:0cxx_decltype_auto
    Feature record: CXX_FEATURE:1cxx_decltype_incomplete_return_types
    Feature record: CXX_FEATURE:1cxx_default_function_template_args
    Feature record: CXX_FEATURE:1cxx_defaulted_functions
    Feature record: CXX_FEATURE:1cxx_defaulted_move_initializers
    Feature record: CXX_FEATURE:1cxx_delegating_constructors
    Feature record: CXX_FEATURE:1cxx_deleted_functions
    Feature record: CXX_FEATURE:0cxx_digit_separators
    Feature record: CXX_FEATURE:1cxx_enum_forward_declarations
    Feature record: CXX_FEATURE:1cxx_explicit_conversions
    Feature record: CXX_FEATURE:1cxx_extended_friend_declarations
    Feature record: CXX_FEATURE:1cxx_extern_templates
    Feature record: CXX_FEATURE:1cxx_final
    Feature record: CXX_FEATURE:1cxx_func_identifier
    Feature record: CXX_FEATURE:1cxx_generalized_initializers
    Feature record: CXX_FEATURE:0cxx_generic_lambdas
    Feature record: CXX_FEATURE:1cxx_inheriting_constructors
    Feature record: CXX_FEATURE:1cxx_inline_namespaces
    Feature record: CXX_FEATURE:1cxx_lambdas
    Feature record: CXX_FEATURE:0cxx_lambda_init_captures
    Feature record: CXX_FEATURE:1cxx_local_type_template_args
    Feature record: CXX_FEATURE:1cxx_long_long_type
    Feature record: CXX_FEATURE:1cxx_noexcept
    Feature record: CXX_FEATURE:1cxx_nonstatic_member_init
    Feature record: CXX_FEATURE:1cxx_nullptr
    Feature record: CXX_FEATURE:1cxx_override
    Feature record: CXX_FEATURE:1cxx_range_for
    Feature record: CXX_FEATURE:1cxx_raw_string_literals
    Feature record: CXX_FEATURE:1cxx_reference_qualified_functions
    Feature record: CXX_FEATURE:0cxx_relaxed_constexpr
    Feature record: CXX_FEATURE:0cxx_return_type_deduction
    Feature record: CXX_FEATURE:1cxx_right_angle_brackets
    Feature record: CXX_FEATURE:1cxx_rvalue_references
    Feature record: CXX_FEATURE:1cxx_sizeof_member
    Feature record: CXX_FEATURE:1cxx_static_assert
    Feature record: CXX_FEATURE:1cxx_strong_enums
    Feature record: CXX_FEATURE:1cxx_template_template_parameters
    Feature record: CXX_FEATURE:1cxx_thread_local
    Feature record: CXX_FEATURE:1cxx_trailing_return_types
    Feature record: CXX_FEATURE:1cxx_unicode_literals
    Feature record: CXX_FEATURE:1cxx_uniform_initialization
    Feature record: CXX_FEATURE:1cxx_unrestricted_unions
    Feature record: CXX_FEATURE:1cxx_user_literals
    Feature record: CXX_FEATURE:0cxx_variable_templates
    Feature record: CXX_FEATURE:1cxx_variadic_macros
    Feature record: CXX_FEATURE:1cxx_variadic_templates


Detecting CXX [-std=c++98] compiler features compiled with the following output:
Change Dir: /mnt/d/Projects/knn-study/eigen-3.4.0/build_dir/CMakeFiles/CMakeTmp

Run Build Command:"/usr/bin/make" "cmTC_17391/fast"
make: Warning: File 'Makefile' has modification time 0.038 s in the future
/usr/bin/make -f CMakeFiles/cmTC_17391.dir/build.make CMakeFiles/cmTC_17391.dir/build
make[1]: Entering directory '/mnt/d/Projects/knn-study/eigen-3.4.0/build_dir/CMakeFiles/CMakeTmp'
make[1]: Warning: File 'CMakeFiles/cmTC_17391.dir/flags.make' has modification time 0.019 s in the future
Building CXX object CMakeFiles/cmTC_17391.dir/feature_tests.cxx.o
/usr/bin/c++    -std=c++98 -o CMakeFiles/cmTC_17391.dir/feature_tests.cxx.o -c /mnt/d/Projects/knn-study/eigen-3.4.0/build_dir/CMakeFiles/feature_tests.cxx
Linking CXX executable cmTC_17391
/usr/bin/cmake -E cmake_link_script CMakeFiles/cmTC_17391.dir/link.txt --verbose=1
/usr/bin/c++       CMakeFiles/cmTC_17391.dir/feature_tests.cxx.o  -o cmTC_17391 
make[1]: warning:  Clock skew detected.  Your build may be incomplete.
make[1]: Leaving directory '/mnt/d/Projects/knn-study/eigen-3.4.0/build_dir/CMakeFiles/CMakeTmp'
make: warning:  Clock skew detected.  Your build may be incomplete.


    Feature record: CXX_FEATURE:0cxx_aggregate_default_initializers
    Feature record: CXX_FEATURE:0cxx_alias_templates
    Feature record: CXX_FEATURE:0cxx_alignas
    Feature record: CXX_FEATURE:0cxx_alignof
    Feature record: CXX_FEATURE:0cxx_attributes
    Feature record: CXX_FEATURE:0cxx_attribute_deprecated
    Feature record: CXX_FEATURE:0cxx_auto_type
    Feature record: CXX_FEATURE:0cxx_binary_literals
    Feature record: CXX_FEATURE:0cxx_constexpr
    Feature record: CXX_FEATURE:0cxx_contextual_conversions
    Feature record: CXX_FEATURE:0cxx_decltype
    Feature record: CXX_FEATURE:0cxx_decltype_auto
    Feature record: CXX_FEATURE:0cxx_decltype_incomplete_return_types
    Feature record: CXX_FEATURE:0cxx_default_function_template_args
    Feature record: CXX_FEATURE:0cxx_defaulted_functions
    Feature record: CXX_FEATURE:0cxx_defaulted_move_initializers
    Feature record: CXX_FEATURE:0cxx_delegating_constructors
    Feature record: CXX_FEATURE:0cxx_deleted_functions
    Feature record: CXX_FEATURE:0cxx_digit_separators
    Feature record: CXX_FEATURE:0cxx_enum_forward_declarations
    Feature record: CXX_FEATURE:0cxx_explicit_conversions
    Feature record: CXX_FEATURE:0cxx_extended_friend_declarations
    Feature record: CXX_FEATURE:0cxx_extern_templates
    Feature record: CXX_FEATURE:0cxx_final
    Feature record: CXX_FEATURE:0cxx_func_identifier
    Feature record: CXX_FEATURE:0cxx_generalized_initializers
    Feature record: CXX_FEATURE:0cxx_generic_lambdas
    Feature record: CXX_FEATURE:0cxx_inheriting_constructors
    Feature record: CXX_FEATURE:0cxx_inline_namespaces
    Feature record: CXX_FEATURE:0cxx_lambdas
    Feature record: CXX_FEATURE:0cxx_lambda_init_captures
    Feature record: CXX_FEATURE:0cxx_local_type_template_args
    Feature record: CXX_FEATURE:0cxx_long_long_type
    Feature record: CXX_FEATURE:0cxx_noexcept
    Feature record: CXX_FEATURE:0cxx_nonstatic_member_init
    Feature record: CXX_FEATURE:0cxx_nullptr
    Feature record: CXX_FEATURE:0cxx_override
    Feature record: CXX_FEATURE:0cxx_range_for
    Feature record: CXX_FEATURE:0cxx_raw_string_literals
    Feature record: CXX_FEATURE:0cxx_reference_qualified_functions
    Feature record: CXX_FEATURE:0cxx_relaxed_constexpr
    Feature record: CXX_FEATURE:0cxx_return_type_deduction
    Feature record: CXX_FEATURE:0cxx_right_angle_brackets
    Feature record: CXX_FEATURE:0cxx_rvalue_references
    Feature record: CXX_FEATURE:0cxx_sizeof_member
    Feature record: CXX_FEATURE:0cxx_static_assert
    Feature record: CXX_FEATURE:0cxx_strong_enums
    Feature record: CXX_FEATURE:1cxx_template_template_parameters
    Feature record: CXX_FEATURE:0cxx_thread_local
    Feature record: CXX_FEATURE:0cxx_trailing_return_types
    Feature record: CXX_FEATURE:0cxx_unicode_literals
    Feature record: CXX_FEATURE:0cxx_uniform_initialization
    Feature record: CXX_FEATURE:0cxx_unrestricted_unions
    Feature record: CXX_FEATURE:0cxx_user_literals
    Feature record: CXX_FEATURE:0cxx_variable_templates
    Feature record: CXX_FEATURE:0cxx_variadic_macros
    Feature record: CXX_FEATURE:0cxx_variadic_templates
Performing C++ SOURCE FILE Test EIGEN_COMPILER_SUPPORT_CPP11 succeeded with the following output:
Change Dir: /mnt/d/Projects/knn-study/eigen-3.4.0/build_dir/CMakeFiles/CMakeTmp

Run Build Command:"/usr/bin/make" "cmTC_d7d07/fast"
make: Warning: File 'Makefile' has modification time 0.034 s in the future
/usr/bin/make -f CMakeFiles/cmTC_d7d07.dir/build.make CMakeFiles/cmTC_d7d07.dir/build
make[1]: Entering directory '/mnt/d/Projects/knn-study/eigen-3.4.0/build_dir/CMakeFiles/CMakeTmp'
make[1]: Warning: File 'CMakeFiles/cmTC_d7d07.dir/flags.make' has modification time 0.013 s in the future
Building CXX object CMakeFiles/cmTC_d7d07.dir/src.cxx.o
/usr/bin/c++    -DEIGEN_COMPILER_SUPPORT_CPP11   -std=c++11 -o CMakeFiles/cmTC_d7d07.dir/src.cxx.o -c /mnt/d/Projects/knn-study/eigen-3.4.0/build_dir/CMakeFiles/CMakeTmp/src.cxx
Linking CXX executable cmTC_d7d07
/usr/bin/cmake -E cmake_link_script CMakeFiles/cmTC_d7d07.dir/link.txt --verbose=1
/usr/bin/c++   -DEIGEN_COMPILER_SUPPORT_CPP11    CMakeFiles/cmTC_d7d07.dir/src.cxx.o  -o cmTC_d7d07 
make[1]: warning:  Clock skew detected.  Your build may be incomplete.
make[1]: Leaving directory '/mnt/d/Projects/knn-study/eigen-3.4.0/build_dir/CMakeFiles/CMakeTmp'
make: warning:  Clock skew detected.  Your build may be incomplete.

Source file was:
int main() { return 0; }
Performing C++ SOURCE FILE Test COMPILER_SUPPORT_std=cpp03 succeeded with the following output:
Change Dir: /mnt/d/Projects/knn-study/eigen-3.4.0/build_dir/CMakeFiles/CMakeTmp

Run Build Command:"/usr/bin/make" "cmTC_ec008/fast"
make: Warning: File 'Makefile' has modification time 0.026 s in the future
/usr/bin/make -f CMakeFiles/cmTC_ec008.dir/build.make CMakeFiles/cmTC_ec008.dir/build
make[1]: Entering directory '/mnt/d/Projects/knn-study/eigen-3.4.0/build_dir/CMakeFiles/CMakeTmp'
make[1]: Warning: File 'CMakeFiles/cmTC_ec008.dir/flags.make' has modification time 0.0065 s in the future
Building CXX object CMakeFiles/cmTC_ec008.dir/src.cxx.o
/usr/bin/c++    -DCOMPILER_SUPPORT_std=cpp03   -std=c++03 -o CMakeFiles/cmTC_ec008.dir/src.cxx.o -c /mnt/d/Projects/knn-study/eigen-3.4.0/build_dir/CMakeFiles/CMakeTmp/src.cxx
Linking CXX executable cmTC_ec008
/usr/bin/cmake -E cmake_link_script CMakeFiles/cmTC_ec008.dir/link.txt --verbose=1
/usr/bin/c++   -DCOMPILER_SUPPORT_std=cpp03    CMakeFiles/cmTC_ec008.dir/src.cxx.o  -o cmTC_ec008 
make[1]: warning:  Clock skew detected.  Your build may be incomplete.
make[1]: Leaving directory '/mnt/d/Projects/knn-study/eigen-3.4.0/build_dir/CMakeFiles/CMakeTmp'
make: warning:  Clock skew detected.  Your build may be incomplete.

Source file was:
int main() { return 0; }
Performing C++ SOURCE FILE Test standard_math_library_linked_to_automatically succeeded with the following output:
Change Dir: /mnt/d/Projects/knn-study/eigen-3.4.0/build_dir/CMakeFiles/CMakeTmp

Run Build Command:"/usr/bin/make" "cmTC_2b2dd/fast"
make: Warning: File 'Makefile' has modification time 0.034 s in the future
/usr/bin/make -f CMakeFiles/cmTC_2b2dd.dir/build.make CMakeFiles/cmTC_2b2dd.dir/build
make[1]: Entering directory '/mnt/d/Projects/knn-study/eigen-3.4.0/build_dir/CMakeFiles/CMakeTmp'
make[1]: Warning: File 'CMakeFiles/cmTC_2b2dd.dir/flags.make' has modification time 0.014 s in the future
Building CXX object CMakeFiles/cmTC_2b2dd.dir/src.cxx.o
/usr/bin/c++    -std=c++03 -Dstandard_math_library_linked_to_automatically   -o CMakeFiles/cmTC_2b2dd.dir/src.cxx.o -c /mnt/d/Projects/knn-study/eigen-3.4.0/build_dir/CMakeFiles/CMakeTmp/src.cxx
Linking CXX executable cmTC_2b2dd
/usr/bin/cmake -E cmake_link_script CMakeFiles/cmTC_2b2dd.dir/link.txt --verbose=1
/usr/bin/c++   -std=c++03 -Dstandard_math_library_linked_to_automatically    CMakeFiles/cmTC_2b2dd.dir/src.cxx.o  -o cmTC_2b2dd 
make[1]: warning:  Clock skew detected.  Your build may be incomplete.
make[1]: Leaving directory '/mnt/d/Projects/knn-study/eigen-3.4.0/build_dir/CMakeFiles/CMakeTmp'
make: warning:  Clock skew detected.  Your build may be incomplete.

Source file was:

#include<cmath>
int main(int argc, char **){
  return int(std::sin(double(argc)) + std::log(double(argc)));
}
Performing C++ SOURCE FILE Test COMPILER_SUPPORT_WERROR succeeded with the following output:
Change Dir: /mnt/d/Projects/knn-study/eigen-3.4.0/build_dir/CMakeFiles/CMakeTmp

Run Build Command:"/usr/bin/make" "cmTC_5bc8d/fast"
make: Warning: File 'Makefile' has modification time 0.026 s in the future
/usr/bin/make -f CMakeFiles/cmTC_5bc8d.dir/build.make CMakeFiles/cmTC_5bc8d.dir/build
make[1]: Entering directory '/mnt/d/Projects/knn-study/eigen-3.4.0/build_dir/CMakeFiles/CMakeTmp'
make[1]: Warning: File 'CMakeFiles/cmTC_5bc8d.dir/flags.make' has modification time 0.0041 s in the future
Building CXX object CMakeFiles/cmTC_5bc8d.dir/src.cxx.o
/usr/bin/c++    -std=c++03 -DCOMPILER_SUPPORT_WERROR   -Werror -o CMakeFiles/cmTC_5bc8d.dir/src.cxx.o -c /mnt/d/Projects/knn-study/eigen-3.4.0/build_dir/CMakeFiles/CMakeTmp/src.cxx
Linking CXX executable cmTC_5bc8d
/usr/bin/cmake -E cmake_link_script CMakeFiles/cmTC_5bc8d.dir/link.txt --verbose=1
/usr/bin/c++   -std=c++03 -DCOMPILER_SUPPORT_WERROR    CMakeFiles/cmTC_5bc8d.dir/src.cxx.o  -o cmTC_5bc8d 
make[1]: warning:  Clock skew detected.  Your build may be incomplete.
make[1]: Leaving directory '/mnt/d/Projects/knn-study/eigen-3.4.0/build_dir/CMakeFiles/CMakeTmp'
make: warning:  Clock skew detected.  Your build may be incomplete.

Source file was:
int main() { return 0; }
Performing C++ SOURCE FILE Test COMPILER_SUPPORT_pedantic succeeded with the following output:
Change Dir: /mnt/d/Projects/knn-study/eigen-3.4.0/build_dir/CMakeFiles/CMakeTmp

Run Build Command:"/usr/bin/make" "cmTC_b4268/fast"
make: Warning: File 'Makefile' has modification time 0.023 s in the future
/usr/bin/make -f CMakeFiles/cmTC_b4268.dir/build.make CMakeFiles/cmTC_b4268.dir/build
make[1]: Entering directory '/mnt/d/Projects/knn-study/eigen-3.4.0/build_dir/CMakeFiles/CMakeTmp'
make[1]: Warning: File 'CMakeFiles/cmTC_b4268.dir/flags.make' has modification time 0.0024 s in the future
Building CXX object CMakeFiles/cmTC_b4268.dir/src.cxx.o
/usr/bin/c++    -std=c++03 -DCOMPILER_SUPPORT_pedantic -Werror   -pedantic -o CMakeFiles/cmTC_b4268.dir/src.cxx.o -c /mnt/d/Projects/knn-study/eigen-3.4.0/build_dir/CMakeFiles/CMakeTmp/src.cxx
Linking CXX executable cmTC_b4268
/usr/bin/cmake -E cmake_link_script CMakeFiles/cmTC_b4268.dir/link.txt --verbose=1
/usr/bin/c++   -std=c++03 -DCOMPILER_SUPPORT_pedantic -Werror    CMakeFiles/cmTC_b4268.dir/src.cxx.o  -o cmTC_b4268 
make[1]: warning:  Clock skew detected.  Your build may be incomplete.
make[1]: Leaving directory '/mnt/d/Projects/knn-study/eigen-3.4.0/build_dir/CMakeFiles/CMakeTmp'
make: warning:  Clock skew detected.  Your build may be incomplete.

Source file was:
int main() { return 0; }
Performing C++ SOURCE FILE Test COMPILER_SUPPORT_Wall succeeded with the following output:
Change Dir: /mnt/d/Projects/knn-study/eigen-3.4.0/build_dir/CMakeFiles/CMakeTmp

Run Build Command:"/usr/bin/make" "cmTC_5cd79/fast"
make: Warning: File 'Makefile' has modification time 0.022 s in the future
/usr/bin/make -f CMakeFiles/cmTC_5cd79.dir/build.make CMakeFiles/cmTC_5cd79.dir/build
make[1]: Entering directory '/mnt/d/Projects/knn-study/eigen-3.4.0/build_dir/CMakeFiles/CMakeTmp'
make[1]: Warning: File 'CMakeFiles/cmTC_5cd79.dir/flags.make' has modification time 0.0014 s in the future
Building CXX object CMakeFiles/cmTC_5cd79.dir/src.cxx.o
/usr/bin/c++    -std=c++03 -pedantic -DCOMPILER_SUPPORT_Wall -Werror   -Wall -o CMakeFiles/cmTC_5cd79.dir/src.cxx.o -c /mnt/d/Projects/knn-study/eigen-3.4.0/build_dir/CMakeFiles/CMakeTmp/src.cxx
Linking CXX executable cmTC_5cd79
/usr/bin/cmake -E cmake_link_script CMakeFiles/cmTC_5cd79.dir/link.txt --verbose=1
/usr/bin/c++   -std=c++03 -pedantic -DCOMPILER_SUPPORT_Wall -Werror    CMakeFiles/cmTC_5cd79.dir/src.cxx.o  -o cmTC_5cd79 
make[1]: warning:  Clock skew detected.  Your build may be incomplete.
make[1]: Leaving directory '/mnt/d/Projects/knn-study/eigen-3.4.0/build_dir/CMakeFiles/CMakeTmp'
make: warning:  Clock skew detected.  Your build may be incomplete.

Source file was:
int main() { return 0; }
Performing C++ SOURCE FILE Test COMPILER_SUPPORT_Wextra succeeded with the following output:
Change Dir: /mnt/d/Projects/knn-study/eigen-3.4.0/build_dir/CMakeFiles/CMakeTmp

Run Build Command:"/usr/bin/make" "cmTC_219fc/fast"
make: Warning: File 'Makefile' has modification time 0.028 s in the future
/usr/bin/make -f CMakeFiles/cmTC_219fc.dir/build.make CMakeFiles/cmTC_219fc.dir/build
make[1]: Entering directory '/mnt/d/Projects/knn-study/eigen-3.4.0/build_dir/CMakeFiles/CMakeTmp'
make[1]: Warning: File 'CMakeFiles/cmTC_219fc.dir/flags.make' has modification time 0.0082 s in the future
Building CXX object CMakeFiles/cmTC_219fc.dir/src.cxx.o
/usr/bin/c++    -std=c++03 -pedantic -Wall -DCOMPILER_SUPPORT_Wextra -Werror   -Wextra -o CMakeFiles/cmTC_219fc.dir/src.cxx.o -c /mnt/d/Projects/knn-study/eigen-3.4.0/build_dir/CMakeFiles/CMakeTmp/src.cxx
Linking CXX executable cmTC_219fc
/usr/bin/cmake -E cmake_link_script CMakeFiles/cmTC_219fc.dir/link.txt --verbose=1
/usr/bin/c++   -std=c++03 -pedantic -Wall -DCOMPILER_SUPPORT_Wextra -Werror    CMakeFiles/cmTC_219fc.dir/src.cxx.o  -o cmTC_219fc 
make[1]: warning:  Clock skew detected.  Your build may be incomplete.
make[1]: Leaving directory '/mnt/d/Projects/knn-study/eigen-3.4.0/build_dir/CMakeFiles/CMakeTmp'
make: warning:  Clock skew detected.  Your build may be incomplete.

Source file was:
int main() { return 0; }
Performing C++ SOURCE FILE Test COMPILER_SUPPORT_Wundef succeeded with the following output:
Change Dir: /mnt/d/Projects/knn-study/eigen-3.4.0/build_dir/CMakeFiles/CMakeTmp

Run Build Command:"/usr/bin/make" "cmTC_16820/fast"
make: Warning: File 'Makefile' has modification time 0.022 s in the future
/usr/bin/make -f CMakeFiles/cmTC_16820.dir/build.make CMakeFiles/cmTC_16820.dir/build
make[1]: Entering directory '/mnt/d/Projects/knn-study/eigen-3.4.0/build_dir/CMakeFiles/CMakeTmp'
make[1]: Warning: File 'CMakeFiles/cmTC_16820.dir/flags.make' has modification time 0.00062 s in the future
Building CXX object CMakeFiles/cmTC_16820.dir/src.cxx.o
/usr/bin/c++    -std=c++03 -pedantic -Wall -Wextra -DCOMPILER_SUPPORT_Wundef -Werror   -Wundef -o CMakeFiles/cmTC_16820.dir/src.cxx.o -c /mnt/d/Projects/knn-study/eigen-3.4.0/build_dir/CMakeFiles/CMakeTmp/src.cxx
Linking CXX executable cmTC_16820
/usr/bin/cmake -E cmake_link_script CMakeFiles/cmTC_16820.dir/link.txt --verbose=1
/usr/bin/c++   -std=c++03 -pedantic -Wall -Wextra -DCOMPILER_SUPPORT_Wundef -Werror    CMakeFiles/cmTC_16820.dir/src.cxx.o  -o cmTC_16820 
make[1]: warning:  Clock skew detected.  Your build may be incomplete.
make[1]: Leaving directory '/mnt/d/Projects/knn-study/eigen-3.4.0/build_dir/CMakeFiles/CMakeTmp'
make: warning:  Clock skew detected.  Your build may be incomplete.

Source file was:
int main() { return 0; }
Performing C++ SOURCE FILE Test COMPILER_SUPPORT_Wcastalign succeeded with the following output:
Change Dir: /mnt/d/Projects/knn-study/eigen-3.4.0/build_dir/CMakeFiles/CMakeTmp

Run Build Command:"/usr/bin/make" "cmTC_53ead/fast"
make: Warning: File 'Makefile' has modification time 0.034 s in the future
/usr/bin/make -f CMakeFiles/cmTC_53ead.dir/build.make CMakeFiles/cmTC_53ead.dir/build
make[1]: Entering directory '/mnt/d/Projects/knn-study/eigen-3.4.0/build_dir/CMakeFiles/CMakeTmp'
make[1]: Warning: File 'CMakeFiles/cmTC_53ead.dir/flags.make' has modification time 0.015 s in the future
Building CXX object CMakeFiles/cmTC_53ead.dir/src.cxx.o
/usr/bin/c++    -std=c++03 -pedantic -Wall -Wextra -Wundef -DCOMPILER_SUPPORT_Wcastalign -Werror   -Wcast-align -o CMakeFiles/cmTC_53ead.dir/src.cxx.o -c /mnt/d/Projects/knn-study/eigen-3.4.0/build_dir/CMakeFiles/CMakeTmp/src.cxx
Linking CXX executable cmTC_53ead
/usr/bin/cmake -E cmake_link_script CMakeFiles/cmTC_53ead.dir/link.txt --verbose=1
/usr/bin/c++   -std=c++03 -pedantic -Wall -Wextra -Wundef -DCOMPILER_SUPPORT_Wcastalign -Werror    CMakeFiles/cmTC_53ead.dir/src.cxx.o  -o cmTC_53ead 
make[1]: warning:  Clock skew detected.  Your build may be incomplete.
make[1]: Leaving directory '/mnt/d/Projects/knn-study/eigen-3.4.0/build_dir/CMakeFiles/CMakeTmp'
make: warning:  Clock skew detected.  Your build may be incomplete.

Source file was:
int main() { return 0; }
Performing C++ SOURCE FILE Test COMPILER_SUPPORT_Wcharsubscripts succeeded with the following output:
Change Dir: /mnt/d/Projects/knn-study/eigen-3.4.0/build_dir/CMakeFiles/CMakeTmp

Run Build Command:"/usr/bin/make" "cmTC_c571c/fast"
make: Warning: File 'Makefile' has modification time 0.029 s in the future
/usr/bin/make -f CMakeFiles/cmTC_c571c.dir/build.make CMakeFiles/cmTC_c571c.dir/build
make[1]: Entering directory '/mnt/d/Projects/knn-study/eigen-3.4.0/build_dir/CMakeFiles/CMakeTmp'
make[1]: Warning: File 'CMakeFiles/cmTC_c571c.dir/flags.make' has modification time 0.0091 s in the future
Building CXX object CMakeFiles/cmTC_c571c.dir/src.cxx.o
/usr/bin/c++    -std=c++03 -pedantic -Wall -Wextra -Wundef -Wcast-align -DCOMPILER_SUPPORT_Wcharsubscripts -Werror   -Wchar-subscripts -o CMakeFiles/cmTC_c571c.dir/src.cxx.o -c /mnt/d/Projects/knn-study/eigen-3.4.0/build_dir/CMakeFiles/CMakeTmp/src.cxx
Linking CXX executable cmTC_c571c
/usr/bin/cmake -E cmake_link_script CMakeFiles/cmTC_c571c.dir/link.txt --verbose=1
/usr/bin/c++   -std=c++03 -pedantic -Wall -Wextra -Wundef -Wcast-align -DCOMPILER_SUPPORT_Wcharsubscripts -Werror    CMakeFiles/cmTC_c571c.dir/src.cxx.o  -o cmTC_c571c 
make[1]: warning:  Clock skew detected.  Your build may be incomplete.
make[1]: Leaving directory '/mnt/d/Projects/knn-study/eigen-3.4.0/build_dir/CMakeFiles/CMakeTmp'
make: warning:  Clock skew detected.  Your build may be incomplete.

Source file was:
int main() { return 0; }
Performing C++ SOURCE FILE Test COMPILER_SUPPORT_Wnonvirtualdtor succeeded with the following output:
Change Dir: /mnt/d/Projects/knn-study/eigen-3.4.0/build_dir/CMakeFiles/CMakeTmp

Run Build Command:"/usr/bin/make" "cmTC_a6c37/fast"
make: Warning: File 'Makefile' has modification time 0.026 s in the future
/usr/bin/make -f CMakeFiles/cmTC_a6c37.dir/build.make CMakeFiles/cmTC_a6c37.dir/build
make[1]: Entering directory '/mnt/d/Projects/knn-study/eigen-3.4.0/build_dir/CMakeFiles/CMakeTmp'
make[1]: Warning: File 'CMakeFiles/cmTC_a6c37.dir/flags.make' has modification time 0.0065 s in the future
Building CXX object CMakeFiles/cmTC_a6c37.dir/src.cxx.o
/usr/bin/c++    -std=c++03 -pedantic -Wall -Wextra -Wundef -Wcast-align -Wchar-subscripts -DCOMPILER_SUPPORT_Wnonvirtualdtor -Werror   -Wnon-virtual-dtor -o CMakeFiles/cmTC_a6c37.dir/src.cxx.o -c /mnt/d/Projects/knn-study/eigen-3.4.0/build_dir/CMakeFiles/CMakeTmp/src.cxx
Linking CXX executable cmTC_a6c37
/usr/bin/cmake -E cmake_link_script CMakeFiles/cmTC_a6c37.dir/link.txt --verbose=1
/usr/bin/c++   -std=c++03 -pedantic -Wall -Wextra -Wundef -Wcast-align -Wchar-subscripts -DCOMPILER_SUPPORT_Wnonvirtualdtor -Werror    CMakeFiles/cmTC_a6c37.dir/src.cxx.o  -o cmTC_a6c37 
make[1]: warning:  Clock skew detected.  Your build may be incomplete.
make[1]: Leaving directory '/mnt/d/Projects/knn-study/eigen-3.4.0/build_dir/CMakeFiles/CMakeTmp'
make: warning:  Clock skew detected.  Your build may be incomplete.

Source file was:
int main() { return 0; }
Performing C++ SOURCE FILE Test COMPILER_SUPPORT_Wunusedlocaltypedefs succeeded with the following output:
Change Dir: /mnt/d/Projects/knn-study/eigen-3.4.0/build_dir/CMakeFiles/CMakeTmp

Run Build Command:"/usr/bin/make" "cmTC_2c07e/fast"
make: Warning: File 'Makefile' has modification time 0.0055 s in the future
/usr/bin/make -f CMakeFiles/cmTC_2c07e.dir/build.make CMakeFiles/cmTC_2c07e.dir/build
make[1]: Entering directory '/mnt/d/Projects/knn-study/eigen-3.4.0/build_dir/CMakeFiles/CMakeTmp'
make[1]: Warning: File 'CMakeFiles/cmTC_2c07e.dir/progress.make' has modification time 0.026 s in the future
Building CXX object CMakeFiles/cmTC_2c07e.dir/src.cxx.o
/usr/bin/c++    -std=c++03 -pedantic -Wall -Wextra -Wundef -Wcast-align -Wchar-subscripts -Wnon-virtual-dtor -DCOMPILER_SUPPORT_Wunusedlocaltypedefs -Werror   -Wunused-local-typedefs -o CMakeFiles/cmTC_2c07e.dir/src.cxx.o -c /mnt/d/Projects/knn-study/eigen-3.4.0/build_dir/CMakeFiles/CMakeTmp/src.cxx
Linking CXX executable cmTC_2c07e
/usr/bin/cmake -E cmake_link_script CMakeFiles/cmTC_2c07e.dir/link.txt --verbose=1
/usr/bin/c++   -std=c++03 -pedantic -Wall -Wextra -Wundef -Wcast-align -Wchar-subscripts -Wnon-virtual-dtor -DCOMPILER_SUPPORT_Wunusedlocaltypedefs -Werror    CMakeFiles/cmTC_2c07e.dir/src.cxx.o  -o cmTC_2c07e 
make[1]: warning:  Clock skew detected.  Your build may be incomplete.
make[1]: Leaving directory '/mnt/d/Projects/knn-study/eigen-3.4.0/build_dir/CMakeFiles/CMakeTmp'
make: warning:  Clock skew detected.  Your build may be incomplete.

Source file was:
int main() { return 0; }
Performing C++ SOURCE FILE Test COMPILER_SUPPORT_Wpointerarith succeeded with the following output:
Change Dir: /mnt/d/Projects/knn-study/eigen-3.4.0/build_dir/CMakeFiles/CMakeTmp

Run Build Command:"/usr/bin/make" "cmTC_1d06d/fast"
make: Warning: File 'Makefile' has modification time 0.019 s in the future
/usr/bin/make -f CMakeFiles/cmTC_1d06d.dir/build.make CMakeFiles/cmTC_1d06d.dir/build
make[1]: Entering directory '/mnt/d/Projects/knn-study/eigen-3.4.0/build_dir/CMakeFiles/CMakeTmp'
make[1]: Warning: File 'CMakeFiles/cmTC_1d06d.dir/progress.make' has modification time 0.042 s in the future
Building CXX object CMakeFiles/cmTC_1d06d.dir/src.cxx.o
/usr/bin/c++    -std=c++03 -pedantic -Wall -Wextra -Wundef -Wcast-align -Wchar-subscripts -Wnon-virtual-dtor -Wunused-local-typedefs -DCOMPILER_SUPPORT_Wpointerarith -Werror   -Wpointer-arith -o CMakeFiles/cmTC_1d06d.dir/src.cxx.o -c /mnt/d/Projects/knn-study/eigen-3.4.0/build_dir/CMakeFiles/CMakeTmp/src.cxx
Linking CXX executable cmTC_1d06d
/usr/bin/cmake -E cmake_link_script CMakeFiles/cmTC_1d06d.dir/link.txt --verbose=1
/usr/bin/c++   -std=c++03 -pedantic -Wall -Wextra -Wundef -Wcast-align -Wchar-subscripts -Wnon-virtual-dtor -Wunused-local-typedefs -DCOMPILER_SUPPORT_Wpointerarith -Werror    CMakeFiles/cmTC_1d06d.dir/src.cxx.o  -o cmTC_1d06d 
make[1]: warning:  Clock skew detected.  Your build may be incomplete.
make[1]: Leaving directory '/mnt/d/Projects/knn-study/eigen-3.4.0/build_dir/CMakeFiles/CMakeTmp'
make: warning:  Clock skew detected.  Your build may be incomplete.

Source file was:
int main() { return 0; }
Performing C++ SOURCE FILE Test COMPILER_SUPPORT_Wwritestrings succeeded with the following output:
Change Dir: /mnt/d/Projects/knn-study/eigen-3.4.0/build_dir/CMakeFiles/CMakeTmp

Run Build Command:"/usr/bin/make" "cmTC_1176c/fast"
make: Warning: File 'Makefile' has modification time 0.028 s in the future
/usr/bin/make -f CMakeFiles/cmTC_1176c.dir/build.make CMakeFiles/cmTC_1176c.dir/build
make[1]: Entering directory '/mnt/d/Projects/knn-study/eigen-3.4.0/build_dir/CMakeFiles/CMakeTmp'
make[1]: Warning: File 'CMakeFiles/cmTC_1176c.dir/flags.make' has modification time 0.0064 s in the future
Building CXX object CMakeFiles/cmTC_1176c.dir/src.cxx.o
/usr/bin/c++    -std=c++03 -pedantic -Wall -Wextra -Wundef -Wcast-align -Wchar-subscripts -Wnon-virtual-dtor -Wunused-local-typedefs -Wpointer-arith -DCOMPILER_SUPPORT_Wwritestrings -Werror   -Wwrite-strings -o CMakeFiles/cmTC_1176c.dir/src.cxx.o -c /mnt/d/Projects/knn-study/eigen-3.4.0/build_dir/CMakeFiles/CMakeTmp/src.cxx
Linking CXX executable cmTC_1176c
/usr/bin/cmake -E cmake_link_script CMakeFiles/cmTC_1176c.dir/link.txt --verbose=1
/usr/bin/c++   -std=c++03 -pedantic -Wall -Wextra -Wundef -Wcast-align -Wchar-subscripts -Wnon-virtual-dtor -Wunused-local-typedefs -Wpointer-arith -DCOMPILER_SUPPORT_Wwritestrings -Werror    CMakeFiles/cmTC_1176c.dir/src.cxx.o  -o cmTC_1176c 
make[1]: warning:  Clock skew detected.  Your build may be incomplete.
make[1]: Leaving directory '/mnt/d/Projects/knn-study/eigen-3.4.0/build_dir/CMakeFiles/CMakeTmp'
make: warning:  Clock skew detected.  Your build may be incomplete.

Source file was:
int main() { return 0; }
Performing C++ SOURCE FILE Test COMPILER_SUPPORT_Wformatsecurity succeeded with the following output:
Change Dir: /mnt/d/Projects/knn-study/eigen-3.4.0/build_dir/CMakeFiles/CMakeTmp

Run Build Command:"/usr/bin/make" "cmTC_5de1a/fast"
make: Warning: File 'Makefile' has modification time 0.022 s in the future
/usr/bin/make -f CMakeFiles/cmTC_5de1a.dir/build.make CMakeFiles/cmTC_5de1a.dir/build
make[1]: Entering directory '/mnt/d/Projects/knn-study/eigen-3.4.0/build_dir/CMakeFiles/CMakeTmp'
make[1]: Warning: File 'CMakeFiles/cmTC_5de1a.dir/flags.make' has modification time 9.4e-05 s in the future
Building CXX object CMakeFiles/cmTC_5de1a.dir/src.cxx.o
/usr/bin/c++    -std=c++03 -pedantic -Wall -Wextra -Wundef -Wcast-align -Wchar-subscripts -Wnon-virtual-dtor -Wunused-local-typedefs -Wpointer-arith -Wwrite-strings -DCOMPILER_SUPPORT_Wformatsecurity -Werror   -Wformat-security -o CMakeFiles/cmTC_5de1a.dir/src.cxx.o -c /mnt/d/Projects/knn-study/eigen-3.4.0/build_dir/CMakeFiles/CMakeTmp/src.cxx
Linking CXX executable cmTC_5de1a
/usr/bin/cmake -E cmake_link_script CMakeFiles/cmTC_5de1a.dir/link.txt --verbose=1
/usr/bin/c++   -std=c++03 -pedantic -Wall -Wextra -Wundef -Wcast-align -Wchar-subscripts -Wnon-virtual-dtor -Wunused-local-typedefs -Wpointer-arith -Wwrite-strings -DCOMPILER_SUPPORT_Wformatsecurity -Werror    CMakeFiles/cmTC_5de1a.dir/src.cxx.o  -o cmTC_5de1a 
make[1]: warning:  Clock skew detected.  Your build may be incomplete.
make[1]: Leaving directory '/mnt/d/Projects/knn-study/eigen-3.4.0/build_dir/CMakeFiles/CMakeTmp'
make: warning:  Clock skew detected.  Your build may be incomplete.

Source file was:
int main() { return 0; }
Performing C++ SOURCE FILE Test COMPILER_SUPPORT_Wlogicalop succeeded with the following output:
Change Dir: /mnt/d/Projects/knn-study/eigen-3.4.0/build_dir/CMakeFiles/CMakeTmp

Run Build Command:"/usr/bin/make" "cmTC_72ff1/fast"
make: Warning: File 'Makefile' has modification time 0.025 s in the future
/usr/bin/make -f CMakeFiles/cmTC_72ff1.dir/build.make CMakeFiles/cmTC_72ff1.dir/build
make[1]: Entering directory '/mnt/d/Projects/knn-study/eigen-3.4.0/build_dir/CMakeFiles/CMakeTmp'
make[1]: Warning: File 'CMakeFiles/cmTC_72ff1.dir/flags.make' has modification time 0.0031 s in the future
Building CXX object CMakeFiles/cmTC_72ff1.dir/src.cxx.o
/usr/bin/c++    -std=c++03 -pedantic -Wall -Wextra -Wundef -Wcast-align -Wchar-subscripts -Wnon-virtual-dtor -Wunused-local-typedefs -Wpointer-arith -Wwrite-strings -Wformat-security -DCOMPILER_SUPPORT_Wlogicalop -Werror   -Wlogical-op -o CMakeFiles/cmTC_72ff1.dir/src.cxx.o -c /mnt/d/Projects/knn-study/eigen-3.4.0/build_dir/CMakeFiles/CMakeTmp/src.cxx
Linking CXX executable cmTC_72ff1
/usr/bin/cmake -E cmake_link_script CMakeFiles/cmTC_72ff1.dir/link.txt --verbose=1
/usr/bin/c++   -std=c++03 -pedantic -Wall -Wextra -Wundef -Wcast-align -Wchar-subscripts -Wnon-virtual-dtor -Wunused-local-typedefs -Wpointer-arith -Wwrite-strings -Wformat-security -DCOMPILER_SUPPORT_Wlogicalop -Werror    CMakeFiles/cmTC_72ff1.dir/src.cxx.o  -o cmTC_72ff1 
make[1]: warning:  Clock skew detected.  Your build may be incomplete.
make[1]: Leaving directory '/mnt/d/Projects/knn-study/eigen-3.4.0/build_dir/CMakeFiles/CMakeTmp'
make: warning:  Clock skew detected.  Your build may be incomplete.

Source file was:
int main() { return 0; }
Performing C++ SOURCE FILE Test COMPILER_SUPPORT_Wdoublepromotion succeeded with the following output:
Change Dir: /mnt/d/Projects/knn-study/eigen-3.4.0/build_dir/CMakeFiles/CMakeTmp

Run Build Command:"/usr/bin/make" "cmTC_ac047/fast"
make: Warning: File 'Makefile' has modification time 0.032 s in the future
/usr/bin/make -f CMakeFiles/cmTC_ac047.dir/build.make CMakeFiles/cmTC_ac047.dir/build
make[1]: Entering directory '/mnt/d/Projects/knn-study/eigen-3.4.0/build_dir/CMakeFiles/CMakeTmp'
make[1]: Warning: File 'CMakeFiles/cmTC_ac047.dir/flags.make' has modification time 0.011 s in the future
Building CXX object CMakeFiles/cmTC_ac047.dir/src.cxx.o
/usr/bin/c++    -std=c++03 -pedantic -Wall -Wextra -Wundef -Wcast-align -Wchar-subscripts -Wnon-virtual-dtor -Wunused-local-typedefs -Wpointer-arith -Wwrite-strings -Wformat-security -Wlogical-op -DCOMPILER_SUPPORT_Wdoublepromotion -Werror   -Wdouble-promotion -o CMakeFiles/cmTC_ac047.dir/src.cxx.o -c /mnt/d/Projects/knn-study/eigen-3.4.0/build_dir/CMakeFiles/CMakeTmp/src.cxx
Linking CXX executable cmTC_ac047
/usr/bin/cmake -E cmake_link_script CMakeFiles/cmTC_ac047.dir/link.txt --verbose=1
/usr/bin/c++   -std=c++03 -pedantic -Wall -Wextra -Wundef -Wcast-align -Wchar-subscripts -Wnon-virtual-dtor -Wunused-local-typedefs -Wpointer-arith -Wwrite-strings -Wformat-security -Wlogical-op -DCOMPILER_SUPPORT_Wdoublepromotion -Werror    CMakeFiles/cmTC_ac047.dir/src.cxx.o  -o cmTC_ac047 
make[1]: warning:  Clock skew detected.  Your build may be incomplete.
make[1]: Leaving directory '/mnt/d/Projects/knn-study/eigen-3.4.0/build_dir/CMakeFiles/CMakeTmp'
make: warning:  Clock skew detected.  Your build may be incomplete.

Source file was:
int main() { return 0; }
Performing C++ SOURCE FILE Test COMPILER_SUPPORT_Wshadow succeeded with the following output:
Change Dir: /mnt/d/Projects/knn-study/eigen-3.4.0/build_dir/CMakeFiles/CMakeTmp

Run Build Command:"/usr/bin/make" "cmTC_4ef24/fast"
make: Warning: File 'Makefile' has modification time 0.021 s in the future
/usr/bin/make -f CMakeFiles/cmTC_4ef24.dir/build.make CMakeFiles/cmTC_4ef24.dir/build
make[1]: Entering directory '/mnt/d/Projects/knn-study/eigen-3.4.0/build_dir/CMakeFiles/CMakeTmp'
make[1]: Warning: File 'CMakeFiles/cmTC_4ef24.dir/progress.make' has modification time 0.044 s in the future
Building CXX object CMakeFiles/cmTC_4ef24.dir/src.cxx.o
/usr/bin/c++    -std=c++03 -pedantic -Wall -Wextra -Wundef -Wcast-align -Wchar-subscripts -Wnon-virtual-dtor -Wunused-local-typedefs -Wpointer-arith -Wwrite-strings -Wformat-security -Wlogical-op -Wdouble-promotion -DCOMPILER_SUPPORT_Wshadow -Werror   -Wshadow -o CMakeFiles/cmTC_4ef24.dir/src.cxx.o -c /mnt/d/Projects/knn-study/eigen-3.4.0/build_dir/CMakeFiles/CMakeTmp/src.cxx
Linking CXX executable cmTC_4ef24
/usr/bin/cmake -E cmake_link_script CMakeFiles/cmTC_4ef24.dir/link.txt --verbose=1
/usr/bin/c++   -std=c++03 -pedantic -Wall -Wextra -Wundef -Wcast-align -Wchar-subscripts -Wnon-virtual-dtor -Wunused-local-typedefs -Wpointer-arith -Wwrite-strings -Wformat-security -Wlogical-op -Wdouble-promotion -DCOMPILER_SUPPORT_Wshadow -Werror    CMakeFiles/cmTC_4ef24.dir/src.cxx.o  -o cmTC_4ef24 
make[1]: warning:  Clock skew detected.  Your build may be incomplete.
make[1]: Leaving directory '/mnt/d/Projects/knn-study/eigen-3.4.0/build_dir/CMakeFiles/CMakeTmp'
make: warning:  Clock skew detected.  Your build may be incomplete.

Source file was:
int main() { return 0; }
Performing C++ SOURCE FILE Test COMPILER_SUPPORT_Wnopsabi succeeded with the following output:
Change Dir: /mnt/d/Projects/knn-study/eigen-3.4.0/build_dir/CMakeFiles/CMakeTmp

Run Build Command:"/usr/bin/make" "cmTC_60691/fast"
/usr/bin/make -f CMakeFiles/cmTC_60691.dir/build.make CMakeFiles/cmTC_60691.dir/build
make[1]: Entering directory '/mnt/d/Projects/knn-study/eigen-3.4.0/build_dir/CMakeFiles/CMakeTmp'
Building CXX object CMakeFiles/cmTC_60691.dir/src.cxx.o
/usr/bin/c++    -std=c++03 -pedantic -Wall -Wextra -Wundef -Wcast-align -Wchar-subscripts -Wnon-virtual-dtor -Wunused-local-typedefs -Wpointer-arith -Wwrite-strings -Wformat-security -Wlogical-op -Wdouble-promotion -Wshadow -DCOMPILER_SUPPORT_Wnopsabi -Werror   -Wno-psabi -o CMakeFiles/cmTC_60691.dir/src.cxx.o -c /mnt/d/Projects/knn-study/eigen-3.4.0/build_dir/CMakeFiles/CMakeTmp/src.cxx
Linking CXX executable cmTC_60691
/usr/bin/cmake -E cmake_link_script CMakeFiles/cmTC_60691.dir/link.txt --verbose=1
/usr/bin/c++   -std=c++03 -pedantic -Wall -Wextra -Wundef -Wcast-align -Wchar-subscripts -Wnon-virtual-dtor -Wunused-local-typedefs -Wpointer-arith -Wwrite-strings -Wformat-security -Wlogical-op -Wdouble-promotion -Wshadow -DCOMPILER_SUPPORT_Wnopsabi -Werror    CMakeFiles/cmTC_60691.dir/src.cxx.o  -o cmTC_60691 
make[1]: Leaving directory '/mnt/d/Projects/knn-study/eigen-3.4.0/build_dir/CMakeFiles/CMakeTmp'

Source file was:
int main() { return 0; }
Performing C++ SOURCE FILE Test COMPILER_SUPPORT_Wnovariadicmacros succeeded with the following output:
Change Dir: /mnt/d/Projects/knn-study/eigen-3.4.0/build_dir/CMakeFiles/CMakeTmp

Run Build Command:"/usr/bin/make" "cmTC_341fc/fast"
make: Warning: File 'Makefile' has modification time 0.005 s in the future
/usr/bin/make -f CMakeFiles/cmTC_341fc.dir/build.make CMakeFiles/cmTC_341fc.dir/build
make[1]: Entering directory '/mnt/d/Projects/knn-study/eigen-3.4.0/build_dir/CMakeFiles/CMakeTmp'
make[1]: Warning: File 'CMakeFiles/cmTC_341fc.dir/progress.make' has modification time 0.027 s in the future
Building CXX object CMakeFiles/cmTC_341fc.dir/src.cxx.o
/usr/bin/c++    -std=c++03 -pedantic -Wall -Wextra -Wundef -Wcast-align -Wchar-subscripts -Wnon-virtual-dtor -Wunused-local-typedefs -Wpointer-arith -Wwrite-strings -Wformat-security -Wlogical-op -Wdouble-promotion -Wshadow -Wno-psabi -DCOMPILER_SUPPORT_Wnovariadicmacros -Werror   -Wno-variadic-macros -o CMakeFiles/cmTC_341fc.dir/src.cxx.o -c /mnt/d/Projects/knn-study/eigen-3.4.0/build_dir/CMakeFiles/CMakeTmp/src.cxx
Linking CXX executable cmTC_341fc
/usr/bin/cmake -E cmake_link_script CMakeFiles/cmTC_341fc.dir/link.txt --verbose=1
/usr/bin/c++   -std=c++03 -pedantic -Wall -Wextra -Wundef -Wcast-align -Wchar-subscripts -Wnon-virtual-dtor -Wunused-local-typedefs -Wpointer-arith -Wwrite-strings -Wformat-security -Wlogical-op -Wdouble-promotion -Wshadow -Wno-psabi -DCOMPILER_SUPPORT_Wnovariadicmacros -Werror    CMakeFiles/cmTC_341fc.dir/src.cxx.o  -o cmTC_341fc 
make[1]: warning:  Clock skew detected.  Your build may be incomplete.
make[1]: Leaving directory '/mnt/d/Projects/knn-study/eigen-3.4.0/build_dir/CMakeFiles/CMakeTmp'
make: warning:  Clock skew detected.  Your build may be incomplete.

Source file was:
int main() { return 0; }
Performing C++ SOURCE FILE Test COMPILER_SUPPORT_Wnolonglong succeeded with the following output:
Change Dir: /mnt/d/Projects/knn-study/eigen-3.4.0/build_dir/CMakeFiles/CMakeTmp

Run Build Command:"/usr/bin/make" "cmTC_4901e/fast"
make: Warning: File 'Makefile' has modification time 0.026 s in the future
/usr/bin/make -f CMakeFiles/cmTC_4901e.dir/build.make CMakeFiles/cmTC_4901e.dir/build
make[1]: Entering directory '/mnt/d/Projects/knn-study/eigen-3.4.0/build_dir/CMakeFiles/CMakeTmp'
make[1]: Warning: File 'CMakeFiles/cmTC_4901e.dir/flags.make' has modification time 0.0074 s in the future
Building CXX object CMakeFiles/cmTC_4901e.dir/src.cxx.o
/usr/bin/c++    -std=c++03 -pedantic -Wall -Wextra -Wundef -Wcast-align -Wchar-subscripts -Wnon-virtual-dtor -Wunused-local-typedefs -Wpointer-arith -Wwrite-strings -Wformat-security -Wlogical-op -Wdouble-promotion -Wshadow -Wno-psabi -Wno-variadic-macros -DCOMPILER_SUPPORT_Wnolonglong -Werror   -Wno-long-long -o CMakeFiles/cmTC_4901e.dir/src.cxx.o -c /mnt/d/Projects/knn-study/eigen-3.4.0/build_dir/CMakeFiles/CMakeTmp/src.cxx
Linking CXX executable cmTC_4901e
/usr/bin/cmake -E cmake_link_script CMakeFiles/cmTC_4901e.dir/link.txt --verbose=1
/usr/bin/c++   -std=c++03 -pedantic -Wall -Wextra -Wundef -Wcast-align -Wchar-subscripts -Wnon-virtual-dtor -Wunused-local-typedefs -Wpointer-arith -Wwrite-strings -Wformat-security -Wlogical-op -Wdouble-promotion -Wshadow -Wno-psabi -Wno-variadic-macros -DCOMPILER_SUPPORT_Wnolonglong -Werror    CMakeFiles/cmTC_4901e.dir/src.cxx.o  -o cmTC_4901e 
make[1]: warning:  Clock skew detected.  Your build may be incomplete.
make[1]: Leaving directory '/mnt/d/Projects/knn-study/eigen-3.4.0/build_dir/CMakeFiles/CMakeTmp'
make: warning:  Clock skew detected.  Your build may be incomplete.

Source file was:
int main() { return 0; }
Performing C++ SOURCE FILE Test COMPILER_SUPPORT_fnochecknew succeeded with the following output:
Change Dir: /mnt/d/Projects/knn-study/eigen-3.4.0/build_dir/CMakeFiles/CMakeTmp

Run Build Command:"/usr/bin/make" "cmTC_08871/fast"
make: Warning: File 'Makefile' has modification time 0.022 s in the future
/usr/bin/make -f CMakeFiles/cmTC_08871.dir/build.make CMakeFiles/cmTC_08871.dir/build
make[1]: Entering directory '/mnt/d/Projects/knn-study/eigen-3.4.0/build_dir/CMakeFiles/CMakeTmp'
make[1]: Warning: File 'CMakeFiles/cmTC_08871.dir/flags.make' has modification time 0.00082 s in the future
Building CXX object CMakeFiles/cmTC_08871.dir/src.cxx.o
/usr/bin/c++    -std=c++03 -pedantic -Wall -Wextra -Wundef -Wcast-align -Wchar-subscripts -Wnon-virtual-dtor -Wunused-local-typedefs -Wpointer-arith -Wwrite-strings -Wformat-security -Wlogical-op -Wdouble-promotion -Wshadow -Wno-psabi -Wno-variadic-macros -Wno-long-long -DCOMPILER_SUPPORT_fnochecknew -Werror   -fno-check-new -o CMakeFiles/cmTC_08871.dir/src.cxx.o -c /mnt/d/Projects/knn-study/eigen-3.4.0/build_dir/CMakeFiles/CMakeTmp/src.cxx
Linking CXX executable cmTC_08871
/usr/bin/cmake -E cmake_link_script CMakeFiles/cmTC_08871.dir/link.txt --verbose=1
/usr/bin/c++   -std=c++03 -pedantic -Wall -Wextra -Wundef -Wcast-align -Wchar-subscripts -Wnon-virtual-dtor -Wunused-local-typedefs -Wpointer-arith -Wwrite-strings -Wformat-security -Wlogical-op -Wdouble-promotion -Wshadow -Wno-psabi -Wno-variadic-macros -Wno-long-long -DCOMPILER_SUPPORT_fnochecknew -Werror    CMakeFiles/cmTC_08871.dir/src.cxx.o  -o cmTC_08871 
make[1]: warning:  Clock skew detected.  Your build may be incomplete.
make[1]: Leaving directory '/mnt/d/Projects/knn-study/eigen-3.4.0/build_dir/CMakeFiles/CMakeTmp'
make: warning:  Clock skew detected.  Your build may be incomplete.

Source file was:
int main() { return 0; }
Performing C++ SOURCE FILE Test COMPILER_SUPPORT_fnocommon succeeded with the following output:
Change Dir: /mnt/d/Projects/knn-study/eigen-3.4.0/build_dir/CMakeFiles/CMakeTmp

Run Build Command:"/usr/bin/make" "cmTC_04149/fast"
make: Warning: File 'Makefile' has modification time 0.025 s in the future
/usr/bin/make -f CMakeFiles/cmTC_04149.dir/build.make CMakeFiles/cmTC_04149.dir/build
make[1]: Entering directory '/mnt/d/Projects/knn-study/eigen-3.4.0/build_dir/CMakeFiles/CMakeTmp'
make[1]: Warning: File 'CMakeFiles/cmTC_04149.dir/flags.make' has modification time 0.0016 s in the future
Building CXX object CMakeFiles/cmTC_04149.dir/src.cxx.o
/usr/bin/c++    -std=c++03 -pedantic -Wall -Wextra -Wundef -Wcast-align -Wchar-subscripts -Wnon-virtual-dtor -Wunused-local-typedefs -Wpointer-arith -Wwrite-strings -Wformat-security -Wlogical-op -Wdouble-promotion -Wshadow -Wno-psabi -Wno-variadic-macros -Wno-long-long -fno-check-new -DCOMPILER_SUPPORT_fnocommon -Werror   -fno-common -o CMakeFiles/cmTC_04149.dir/src.cxx.o -c /mnt/d/Projects/knn-study/eigen-3.4.0/build_dir/CMakeFiles/CMakeTmp/src.cxx
Linking CXX executable cmTC_04149
/usr/bin/cmake -E cmake_link_script CMakeFiles/cmTC_04149.dir/link.txt --verbose=1
/usr/bin/c++   -std=c++03 -pedantic -Wall -Wextra -Wundef -Wcast-align -Wchar-subscripts -Wnon-virtual-dtor -Wunused-local-typedefs -Wpointer-arith -Wwrite-strings -Wformat-security -Wlogical-op -Wdouble-promotion -Wshadow -Wno-psabi -Wno-variadic-macros -Wno-long-long -fno-check-new -DCOMPILER_SUPPORT_fnocommon -Werror    CMakeFiles/cmTC_04149.dir/src.cxx.o  -o cmTC_04149 
make[1]: warning:  Clock skew detected.  Your build may be incomplete.
make[1]: Leaving directory '/mnt/d/Projects/knn-study/eigen-3.4.0/build_dir/CMakeFiles/CMakeTmp'
make: warning:  Clock skew detected.  Your build may be incomplete.

Source file was:
int main() { return 0; }
Performing C++ SOURCE FILE Test COMPILER_SUPPORT_fstrictaliasing succeeded with the following output:
Change Dir: /mnt/d/Projects/knn-study/eigen-3.4.0/build_dir/CMakeFiles/CMakeTmp

Run Build Command:"/usr/bin/make" "cmTC_55b9f/fast"
make: Warning: File 'Makefile' has modification time 0.02 s in the future
/usr/bin/make -f CMakeFiles/cmTC_55b9f.dir/build.make CMakeFiles/cmTC_55b9f.dir/build
make[1]: Entering directory '/mnt/d/Projects/knn-study/eigen-3.4.0/build_dir/CMakeFiles/CMakeTmp'
make[1]: Warning: File 'CMakeFiles/cmTC_55b9f.dir/progress.make' has modification time 0.038 s in the future
Building CXX object CMakeFiles/cmTC_55b9f.dir/src.cxx.o
/usr/bin/c++    -std=c++03 -pedantic -Wall -Wextra -Wundef -Wcast-align -Wchar-subscripts -Wnon-virtual-dtor -Wunused-local-typedefs -Wpointer-arith -Wwrite-strings -Wformat-security -Wlogical-op -Wdouble-promotion -Wshadow -Wno-psabi -Wno-variadic-macros -Wno-long-long -fno-check-new -fno-common -DCOMPILER_SUPPORT_fstrictaliasing -Werror   -fstrict-aliasing -o CMakeFiles/cmTC_55b9f.dir/src.cxx.o -c /mnt/d/Projects/knn-study/eigen-3.4.0/build_dir/CMakeFiles/CMakeTmp/src.cxx
Linking CXX executable cmTC_55b9f
/usr/bin/cmake -E cmake_link_script CMakeFiles/cmTC_55b9f.dir/link.txt --verbose=1
/usr/bin/c++   -std=c++03 -pedantic -Wall -Wextra -Wundef -Wcast-align -Wchar-subscripts -Wnon-virtual-dtor -Wunused-local-typedefs -Wpointer-arith -Wwrite-strings -Wformat-security -Wlogical-op -Wdouble-promotion -Wshadow -Wno-psabi -Wno-variadic-macros -Wno-long-long -fno-check-new -fno-common -DCOMPILER_SUPPORT_fstrictaliasing -Werror    CMakeFiles/cmTC_55b9f.dir/src.cxx.o  -o cmTC_55b9f 
make[1]: warning:  Clock skew detected.  Your build may be incomplete.
make[1]: Leaving directory '/mnt/d/Projects/knn-study/eigen-3.4.0/build_dir/CMakeFiles/CMakeTmp'
make: warning:  Clock skew detected.  Your build may be incomplete.

Source file was:
int main() { return 0; }
Performing C++ SOURCE FILE Test COMPILER_SUPPORT_ansi succeeded with the following output:
Change Dir: /mnt/d/Projects/knn-study/eigen-3.4.0/build_dir/CMakeFiles/CMakeTmp

Run Build Command:"/usr/bin/make" "cmTC_c8b00/fast"
make: Warning: File 'Makefile' has modification time 0.039 s in the future
/usr/bin/make -f CMakeFiles/cmTC_c8b00.dir/build.make CMakeFiles/cmTC_c8b00.dir/build
make[1]: Entering directory '/mnt/d/Projects/knn-study/eigen-3.4.0/build_dir/CMakeFiles/CMakeTmp'
make[1]: Warning: File 'CMakeFiles/cmTC_c8b00.dir/flags.make' has modification time 0.022 s in the future
Building CXX object CMakeFiles/cmTC_c8b00.dir/src.cxx.o
/usr/bin/c++    -std=c++03 -pedantic -Wall -Wextra -Wundef -Wcast-align -Wchar-subscripts -Wnon-virtual-dtor -Wunused-local-typedefs -Wpointer-arith -Wwrite-strings -Wformat-security -Wlogical-op -Wdouble-promotion -Wshadow -Wno-psabi -Wno-variadic-macros -Wno-long-long -fno-check-new -fno-common -fstrict-aliasing -DCOMPILER_SUPPORT_ansi -Werror   -ansi -o CMakeFiles/cmTC_c8b00.dir/src.cxx.o -c /mnt/d/Projects/knn-study/eigen-3.4.0/build_dir/CMakeFiles/CMakeTmp/src.cxx
Linking CXX executable cmTC_c8b00
/usr/bin/cmake -E cmake_link_script CMakeFiles/cmTC_c8b00.dir/link.txt --verbose=1
/usr/bin/c++   -std=c++03 -pedantic -Wall -Wextra -Wundef -Wcast-align -Wchar-subscripts -Wnon-virtual-dtor -Wunused-local-typedefs -Wpointer-arith -Wwrite-strings -Wformat-security -Wlogical-op -Wdouble-promotion -Wshadow -Wno-psabi -Wno-variadic-macros -Wno-long-long -fno-check-new -fno-common -fstrict-aliasing -DCOMPILER_SUPPORT_ansi -Werror    CMakeFiles/cmTC_c8b00.dir/src.cxx.o  -o cmTC_c8b00 
make[1]: warning:  Clock skew detected.  Your build may be incomplete.
make[1]: Leaving directory '/mnt/d/Projects/knn-study/eigen-3.4.0/build_dir/CMakeFiles/CMakeTmp'
make: warning:  Clock skew detected.  Your build may be incomplete.

Source file was:
int main() { return 0; }
Performing C++ SOURCE FILE Test COMPILER_SUPPORT_OPENMP succeeded with the following output:
Change Dir: /mnt/d/Projects/knn-study/eigen-3.4.0/build_dir/CMakeFiles/CMakeTmp

Run Build Command:"/usr/bin/make" "cmTC_7f12f/fast"
/usr/bin/make -f CMakeFiles/cmTC_7f12f.dir/build.make CMakeFiles/cmTC_7f12f.dir/build
make[1]: Entering directory '/mnt/d/Projects/knn-study/eigen-3.4.0/build_dir/CMakeFiles/CMakeTmp'
Building CXX object CMakeFiles/cmTC_7f12f.dir/src.cxx.o
/usr/bin/c++    -std=c++03 -pedantic -Wall -Wextra -Wundef -Wcast-align -Wchar-subscripts -Wnon-virtual-dtor -Wunused-local-typedefs -Wpointer-arith -Wwrite-strings -Wformat-security -Wlogical-op -Wdouble-promotion -Wshadow -Wno-psabi -Wno-variadic-macros -Wno-long-long -fno-check-new -fno-common -fstrict-aliasing -ansi -DCOMPILER_SUPPORT_OPENMP   -fopenmp -o CMakeFiles/cmTC_7f12f.dir/src.cxx.o -c /mnt/d/Projects/knn-study/eigen-3.4.0/build_dir/CMakeFiles/CMakeTmp/src.cxx
Linking CXX executable cmTC_7f12f
/usr/bin/cmake -E cmake_link_script CMakeFiles/cmTC_7f12f.dir/link.txt --verbose=1
/usr/bin/c++   -std=c++03 -pedantic -Wall -Wextra -Wundef -Wcast-align -Wchar-subscripts -Wnon-virtual-dtor -Wunused-local-typedefs -Wpointer-arith -Wwrite-strings -Wformat-security -Wlogical-op -Wdouble-promotion -Wshadow -Wno-psabi -Wno-variadic-macros -Wno-long-long -fno-check-new -fno-common -fstrict-aliasing -ansi -DCOMPILER_SUPPORT_OPENMP    CMakeFiles/cmTC_7f12f.dir/src.cxx.o  -o cmTC_7f12f 
make[1]: Leaving directory '/mnt/d/Projects/knn-study/eigen-3.4.0/build_dir/CMakeFiles/CMakeTmp'

Source file was:
int main() { return 0; }
Determining if the include file pthread.h exists passed with the following output:
Change Dir: /mnt/d/Projects/knn-study/eigen-3.4.0/build_dir/CMakeFiles/CMakeTmp

Run Build Command:"/usr/bin/make" "cmTC_6efdc/fast"
make: Warning: File 'Makefile' has modification time 0.02 s in the future
/usr/bin/make -f CMakeFiles/cmTC_6efdc.dir/build.make CMakeFiles/cmTC_6efdc.dir/build
make[1]: Entering directory '/mnt/d/Projects/knn-study/eigen-3.4.0/build_dir/CMakeFiles/CMakeTmp'
make[1]: Warning: File 'CMakeFiles/cmTC_6efdc.dir/progress.make' has modification time 0.042 s in the future
Building C object CMakeFiles/cmTC_6efdc.dir/CheckIncludeFile.c.o
/usr/bin/cc    -o CMakeFiles/cmTC_6efdc.dir/CheckIncludeFile.c.o   -c /mnt/d/Projects/knn-study/eigen-3.4.0/build_dir/CMakeFiles/CMakeTmp/CheckIncludeFile.c
Linking C executable cmTC_6efdc
/usr/bin/cmake -E cmake_link_script CMakeFiles/cmTC_6efdc.dir/link.txt --verbose=1
/usr/bin/cc      CMakeFiles/cmTC_6efdc.dir/CheckIncludeFile.c.o  -o cmTC_6efdc 
make[1]: warning:  Clock skew detected.  Your build may be incomplete.
make[1]: Leaving directory '/mnt/d/Projects/knn-study/eigen-3.4.0/build_dir/CMakeFiles/CMakeTmp'
make: warning:  Clock skew detected.  Your build may be incomplete.


Determining if the function pthread_create exists in the pthread passed with the following output:
Change Dir: /mnt/d/Projects/knn-study/eigen-3.4.0/build_dir/CMakeFiles/CMakeTmp

Run Build Command:"/usr/bin/make" "cmTC_b3e25/fast"
make: Warning: File 'Makefile' has modification time 0.013 s in the future
/usr/bin/make -f CMakeFiles/cmTC_b3e25.dir/build.make CMakeFiles/cmTC_b3e25.dir/build
make[1]: Entering directory '/mnt/d/Projects/knn-study/eigen-3.4.0/build_dir/CMakeFiles/CMakeTmp'
make[1]: Warning: File 'CMakeFiles/cmTC_b3e25.dir/progress.make' has modification time 0.036 s in the future
Building C object CMakeFiles/cmTC_b3e25.dir/CheckFunctionExists.c.o
/usr/bin/cc   -DCHECK_FUNCTION_EXISTS=pthread_create   -o CMakeFiles/cmTC_b3e25.dir/CheckFunctionExists.c.o   -c /usr/share/cmake-3.10/Modules/CheckFunctionExists.c
Linking C executable cmTC_b3e25
/usr/bin/cmake -E cmake_link_script CMakeFiles/cmTC_b3e25.dir/link.txt --verbose=1
/usr/bin/cc  -DCHECK_FUNCTION_EXISTS=pthread_create    CMakeFiles/cmTC_b3e25.dir/CheckFunctionExists.c.o  -o cmTC_b3e25 -lpthread 
make[1]: warning:  Clock skew detected.  Your build may be incomplete.
make[1]: Leaving directory '/mnt/d/Projects/knn-study/eigen-3.4.0/build_dir/CMakeFiles/CMakeTmp'
make: warning:  Clock skew detected.  Your build may be incomplete.


Performing C++ SOURCE FILE Test COMPILER_SUPPORT_FASTMATH succeeded with the following output:
Change Dir: /mnt/d/Projects/knn-study/eigen-3.4.0/build_dir/CMakeFiles/CMakeTmp

Run Build Command:"/usr/bin/make" "cmTC_54e76/fast"
make: Warning: File 'Makefile' has modification time 0.035 s in the future
/usr/bin/make -f CMakeFiles/cmTC_54e76.dir/build.make CMakeFiles/cmTC_54e76.dir/build
make[1]: Entering directory '/mnt/d/Projects/knn-study/eigen-3.4.0/build_dir/CMakeFiles/CMakeTmp'
make[1]: Warning: File 'CMakeFiles/cmTC_54e76.dir/flags.make' has modification time 0.015 s in the future
Building CXX object CMakeFiles/cmTC_54e76.dir/src.cxx.o
/usr/bin/c++    -std=c++03 -pedantic -Wall -Wextra -Wundef -Wcast-align -Wchar-subscripts -Wnon-virtual-dtor -Wunused-local-typedefs -Wpointer-arith -Wwrite-strings -Wformat-security -Wlogical-op -Wdouble-promotion -Wshadow -Wno-psabi -Wno-variadic-macros -Wno-long-long -fno-check-new -fno-common -fstrict-aliasing -ansi -DCOMPILER_SUPPORT_FASTMATH   -ffast-math -o CMakeFiles/cmTC_54e76.dir/src.cxx.o -c /mnt/d/Projects/knn-study/eigen-3.4.0/build_dir/CMakeFiles/CMakeTmp/src.cxx
Linking CXX executable cmTC_54e76
/usr/bin/cmake -E cmake_link_script CMakeFiles/cmTC_54e76.dir/link.txt --verbose=1
/usr/bin/c++   -std=c++03 -pedantic -Wall -Wextra -Wundef -Wcast-align -Wchar-subscripts -Wnon-virtual-dtor -Wunused-local-typedefs -Wpointer-arith -Wwrite-strings -Wformat-security -Wlogical-op -Wdouble-promotion -Wshadow -Wno-psabi -Wno-variadic-macros -Wno-long-long -fno-check-new -fno-common -fstrict-aliasing -ansi -DCOMPILER_SUPPORT_FASTMATH    CMakeFiles/cmTC_54e76.dir/src.cxx.o  -o cmTC_54e76 
make[1]: warning:  Clock skew detected.  Your build may be incomplete.
make[1]: Leaving directory '/mnt/d/Projects/knn-study/eigen-3.4.0/build_dir/CMakeFiles/CMakeTmp'
make: warning:  Clock skew detected.  Your build may be incomplete.

Source file was:
int main() { return 0; }
